This file contains any messages produced by compilers while
running configure, to aid debugging if configure makes a mistake.

It was created by configure, which was
generated by GNU Autoconf 2.61.  Invocation command line was

  $ ./configure 

## --------- ##
## Platform. ##
## --------- ##

hostname = xxha-PAF4
uname -m = i686
uname -r = 3.5.0-28-generic
uname -s = Linux
uname -v = #47-Ubuntu SMP Tue Apr 9 18:58:12 UTC 2013

/usr/bin/uname -p = unknown
/bin/uname -X     = unknown

/bin/arch              = unknown
/usr/bin/arch -k       = unknown
/usr/convex/getsysinfo = unknown
/usr/bin/hostinfo      = unknown
/bin/machine           = unknown
/usr/bin/oslevel       = unknown
/bin/universe          = unknown

PATH: /home/xxha/.rbenv/shims
PATH: /home/xxha/.rbenv/bin
PATH: /usr/local/sbin
PATH: /usr/local/bin
PATH: /usr/sbin
PATH: /usr/bin
PATH: /sbin
PATH: /bin
PATH: /usr/games
PATH: /usr/local/games
PATH: /home/xxha/cross_compile/gcc-4.1.2-glibc-2.5-nptl-3/arm-none-linux-gnueabi/bin/
PATH: /home/xxha/veex/igm/cross-tools/powerpc-860-linux-gnu/bin
PATH: /usr/local/arm/3.4.1/bin
PATH: /home/xxha/veex/tx300s/cross-tools/arm-fsl-linux-gnueabi/bin


## ----------- ##
## Core tests. ##
## ----------- ##

configure:1757: checking build system type
configure:1775: result: i686-pc-linux-gnu
configure:1797: checking host system type
configure:1812: result: i686-pc-linux-gnu
configure:1956: checking for gcc
configure:1972: found /usr/bin/gcc
configure:1983: result: gcc
configure:2221: checking for C compiler version
configure:2228: gcc --version >&5
gcc (Ubuntu/Linaro 4.7.2-2ubuntu1) 4.7.2
Copyright (C) 2012 Free Software Foundation, Inc.
This is free software; see the source for copying conditions.  There is NO
warranty; not even for MERCHANTABILITY or FITNESS FOR A PARTICULAR PURPOSE.

configure:2231: $? = 0
configure:2238: gcc -v >&5
Using built-in specs.
COLLECT_GCC=gcc
COLLECT_LTO_WRAPPER=/usr/lib/gcc/i686-linux-gnu/4.7/lto-wrapper
Target: i686-linux-gnu
Configured with: ../src/configure -v --with-pkgversion='Ubuntu/Linaro 4.7.2-2ubuntu1' --with-bugurl=file:///usr/share/doc/gcc-4.7/README.Bugs --enable-languages=c,c++,go,fortran,objc,obj-c++ --prefix=/usr --program-suffix=-4.7 --enable-shared --enable-linker-build-id --with-system-zlib --libexecdir=/usr/lib --without-included-gettext --enable-threads=posix --with-gxx-include-dir=/usr/include/c++/4.7 --libdir=/usr/lib --enable-nls --with-sysroot=/ --enable-clocale=gnu --enable-libstdcxx-debug --enable-libstdcxx-time=yes --enable-gnu-unique-object --enable-plugin --enable-objc-gc --enable-targets=all --disable-werror --with-arch-32=i686 --with-tune=generic --enable-checking=release --build=i686-linux-gnu --host=i686-linux-gnu --target=i686-linux-gnu
Thread model: posix
gcc version 4.7.2 (Ubuntu/Linaro 4.7.2-2ubuntu1) 
configure:2241: $? = 0
configure:2248: gcc -V >&5
gcc: error: unrecognized command line option '-V'
gcc: fatal error: no input files
compilation terminated.
configure:2251: $? = 4
configure:2274: checking for C compiler default output file name
configure:2301: gcc    conftest.c  >&5
configure:2304: $? = 0
configure:2342: result: a.out
configure:2359: checking whether the C compiler works
configure:2369: ./a.out
configure:2372: $? = 0
configure:2389: result: yes
configure:2396: checking whether we are cross compiling
configure:2398: result: no
configure:2401: checking for suffix of executables
configure:2408: gcc -o conftest    conftest.c  >&5
configure:2411: $? = 0
configure:2435: result: 
configure:2441: checking for suffix of object files
configure:2467: gcc -c   conftest.c >&5
configure:2470: $? = 0
configure:2493: result: o
configure:2497: checking whether we are using the GNU C compiler
configure:2526: gcc -c   conftest.c >&5
configure:2532: $? = 0
configure:2549: result: yes
configure:2554: checking whether gcc accepts -g
configure:2584: gcc -c -g  conftest.c >&5
configure:2590: $? = 0
configure:2689: result: yes
configure:2706: checking for gcc option to accept ISO C89
configure:2780: gcc  -c -g -O2  conftest.c >&5
configure:2786: $? = 0
configure:2809: result: none needed
configure:2836: checking gcc version
configure:2848: result: 4
configure:2983: checking for inline
configure:3029: gcc -c -O2  conftest.c >&5
configure:3035: $? = 0
configure:3060: result: inline
configure:3072: checking for __attribute__
configure:3109: gcc -c -g -O2  conftest.c >&5
configure:3115: $? = 0
configure:3144: result: yes
configure:3149: checking whether __attribute__((unused)) can be used without warnings
configure:3182: gcc -c -g -O2 -Werror  conftest.c >&5
configure:3188: $? = 0
configure:3210: result: yes
configure:3214: checking whether __attribute__((noreturn)) can be applied to function pointers without warnings
configure:3248: gcc -c -g -O2 -Werror  conftest.c >&5
configure:3254: $? = 0
configure:3278: result: yes
configure:3282: checking whether __attribute__((format)) can be used without warnings
configure:3316: gcc -c -g -O2 -Werror  conftest.c >&5
configure:3322: $? = 0
configure:3346: result: yes
configure:3351: checking whether __attribute__((format)) can be applied to function pointers
configure:3383: gcc -c -g -O2  conftest.c >&5
configure:3389: $? = 0
configure:3412: result: yes
configure:3422: checking how to run the C preprocessor
configure:3462: gcc -E  conftest.c
configure:3468: $? = 0
configure:3499: gcc -E  conftest.c
conftest.c:13:28: fatal error: ac_nonexistent.h: No such file or directory
compilation terminated.
configure:3505: $? = 1
configure: failed program was:
| /* confdefs.h.  */
| #define PACKAGE_NAME ""
| #define PACKAGE_TARNAME ""
| #define PACKAGE_VERSION ""
| #define PACKAGE_STRING ""
| #define PACKAGE_BUGREPORT ""
| #define inline inline
| #define HAVE___ATTRIBUTE__ 1
| #define __ATTRIBUTE___NORETURN_OK_FOR_FUNCTION_POINTERS 1
| #define __ATTRIBUTE___FORMAT_OK 1
| #define __ATTRIBUTE___FORMAT_OK_FOR_FUNCTION_POINTERS 1
| /* end confdefs.h.  */
| #include <ac_nonexistent.h>
configure:3538: result: gcc -E
configure:3567: gcc -E  conftest.c
configure:3573: $? = 0
configure:3604: gcc -E  conftest.c
conftest.c:13:28: fatal error: ac_nonexistent.h: No such file or directory
compilation terminated.
configure:3610: $? = 1
configure: failed program was:
| /* confdefs.h.  */
| #define PACKAGE_NAME ""
| #define PACKAGE_TARNAME ""
| #define PACKAGE_VERSION ""
| #define PACKAGE_STRING ""
| #define PACKAGE_BUGREPORT ""
| #define inline inline
| #define HAVE___ATTRIBUTE__ 1
| #define __ATTRIBUTE___NORETURN_OK_FOR_FUNCTION_POINTERS 1
| #define __ATTRIBUTE___FORMAT_OK 1
| #define __ATTRIBUTE___FORMAT_OK_FOR_FUNCTION_POINTERS 1
| /* end confdefs.h.  */
| #include <ac_nonexistent.h>
configure:3648: checking for grep that handles long lines and -e
configure:3722: result: /bin/grep
configure:3727: checking for egrep
configure:3805: result: /bin/grep -E
configure:3810: checking for ANSI C header files
configure:3840: gcc -c -g -O2  conftest.c >&5
configure:3846: $? = 0
configure:3945: gcc -o conftest -g -O2   conftest.c  >&5
configure:3948: $? = 0
configure:3954: ./conftest
configure:3957: $? = 0
configure:3974: result: yes
configure:3998: checking for sys/types.h
configure:4019: gcc -c -g -O2  conftest.c >&5
configure:4025: $? = 0
configure:4041: result: yes
configure:3998: checking for sys/stat.h
configure:4019: gcc -c -g -O2  conftest.c >&5
configure:4025: $? = 0
configure:4041: result: yes
configure:3998: checking for stdlib.h
configure:4019: gcc -c -g -O2  conftest.c >&5
configure:4025: $? = 0
configure:4041: result: yes
configure:3998: checking for string.h
configure:4019: gcc -c -g -O2  conftest.c >&5
configure:4025: $? = 0
configure:4041: result: yes
configure:3998: checking for memory.h
configure:4019: gcc -c -g -O2  conftest.c >&5
configure:4025: $? = 0
configure:4041: result: yes
configure:3998: checking for strings.h
configure:4019: gcc -c -g -O2  conftest.c >&5
configure:4025: $? = 0
configure:4041: result: yes
configure:3998: checking for inttypes.h
configure:4019: gcc -c -g -O2  conftest.c >&5
configure:4025: $? = 0
configure:4041: result: yes
configure:3998: checking for stdint.h
configure:4019: gcc -c -g -O2  conftest.c >&5
configure:4025: $? = 0
configure:4041: result: yes
configure:3998: checking for unistd.h
configure:4019: gcc -c -g -O2  conftest.c >&5
configure:4025: $? = 0
configure:4041: result: yes
configure:4071: checking fcntl.h usability
configure:4088: gcc -c -g -O2  conftest.c >&5
configure:4094: $? = 0
configure:4108: result: yes
configure:4112: checking fcntl.h presence
configure:4127: gcc -E  conftest.c
configure:4133: $? = 0
configure:4147: result: yes
configure:4175: checking for fcntl.h
configure:4183: result: yes
configure:4071: checking rpc/rpc.h usability
configure:4088: gcc -c -g -O2  conftest.c >&5
configure:4094: $? = 0
configure:4108: result: yes
configure:4112: checking rpc/rpc.h presence
configure:4127: gcc -E  conftest.c
configure:4133: $? = 0
configure:4147: result: yes
configure:4175: checking for rpc/rpc.h
configure:4183: result: yes
configure:4071: checking rpc/rpcent.h usability
configure:4088: gcc -c -g -O2  conftest.c >&5
conftest.c:58:24: fatal error: rpc/rpcent.h: No such file or directory
compilation terminated.
configure:4094: $? = 1
configure: failed program was:
| /* confdefs.h.  */
| #define PACKAGE_NAME ""
| #define PACKAGE_TARNAME ""
| #define PACKAGE_VERSION ""
| #define PACKAGE_STRING ""
| #define PACKAGE_BUGREPORT ""
| #define inline inline
| #define HAVE___ATTRIBUTE__ 1
| #define __ATTRIBUTE___NORETURN_OK_FOR_FUNCTION_POINTERS 1
| #define __ATTRIBUTE___FORMAT_OK 1
| #define __ATTRIBUTE___FORMAT_OK_FOR_FUNCTION_POINTERS 1
| #define STDC_HEADERS 1
| #define HAVE_SYS_TYPES_H 1
| #define HAVE_SYS_STAT_H 1
| #define HAVE_STDLIB_H 1
| #define HAVE_STRING_H 1
| #define HAVE_MEMORY_H 1
| #define HAVE_STRINGS_H 1
| #define HAVE_INTTYPES_H 1
| #define HAVE_STDINT_H 1
| #define HAVE_UNISTD_H 1
| #define HAVE_FCNTL_H 1
| #define HAVE_RPC_RPC_H 1
| /* end confdefs.h.  */
| #include <stdio.h>
| #ifdef HAVE_SYS_TYPES_H
| # include <sys/types.h>
| #endif
| #ifdef HAVE_SYS_STAT_H
| # include <sys/stat.h>
| #endif
| #ifdef STDC_HEADERS
| # include <stdlib.h>
| # include <stddef.h>
| #else
| # ifdef HAVE_STDLIB_H
| #  include <stdlib.h>
| # endif
| #endif
| #ifdef HAVE_STRING_H
| # if !defined STDC_HEADERS && defined HAVE_MEMORY_H
| #  include <memory.h>
| # endif
| # include <string.h>
| #endif
| #ifdef HAVE_STRINGS_H
| # include <strings.h>
| #endif
| #ifdef HAVE_INTTYPES_H
| # include <inttypes.h>
| #endif
| #ifdef HAVE_STDINT_H
| # include <stdint.h>
| #endif
| #ifdef HAVE_UNISTD_H
| # include <unistd.h>
| #endif
| #include <rpc/rpcent.h>
configure:4108: result: no
configure:4112: checking rpc/rpcent.h presence
configure:4127: gcc -E  conftest.c
conftest.c:25:24: fatal error: rpc/rpcent.h: No such file or directory
compilation terminated.
configure:4133: $? = 1
configure: failed program was:
| /* confdefs.h.  */
| #define PACKAGE_NAME ""
| #define PACKAGE_TARNAME ""
| #define PACKAGE_VERSION ""
| #define PACKAGE_STRING ""
| #define PACKAGE_BUGREPORT ""
| #define inline inline
| #define HAVE___ATTRIBUTE__ 1
| #define __ATTRIBUTE___NORETURN_OK_FOR_FUNCTION_POINTERS 1
| #define __ATTRIBUTE___FORMAT_OK 1
| #define __ATTRIBUTE___FORMAT_OK_FOR_FUNCTION_POINTERS 1
| #define STDC_HEADERS 1
| #define HAVE_SYS_TYPES_H 1
| #define HAVE_SYS_STAT_H 1
| #define HAVE_STDLIB_H 1
| #define HAVE_STRING_H 1
| #define HAVE_MEMORY_H 1
| #define HAVE_STRINGS_H 1
| #define HAVE_INTTYPES_H 1
| #define HAVE_STDINT_H 1
| #define HAVE_UNISTD_H 1
| #define HAVE_FCNTL_H 1
| #define HAVE_RPC_RPC_H 1
| /* end confdefs.h.  */
| #include <rpc/rpcent.h>
configure:4147: result: no
configure:4175: checking for rpc/rpcent.h
configure:4183: result: no
configure:4071: checking netdnet/dnetdb.h usability
configure:4088: gcc -c -g -O2  conftest.c >&5
conftest.c:58:28: fatal error: netdnet/dnetdb.h: No such file or directory
compilation terminated.
configure:4094: $? = 1
configure: failed program was:
| /* confdefs.h.  */
| #define PACKAGE_NAME ""
| #define PACKAGE_TARNAME ""
| #define PACKAGE_VERSION ""
| #define PACKAGE_STRING ""
| #define PACKAGE_BUGREPORT ""
| #define inline inline
| #define HAVE___ATTRIBUTE__ 1
| #define __ATTRIBUTE___NORETURN_OK_FOR_FUNCTION_POINTERS 1
| #define __ATTRIBUTE___FORMAT_OK 1
| #define __ATTRIBUTE___FORMAT_OK_FOR_FUNCTION_POINTERS 1
| #define STDC_HEADERS 1
| #define HAVE_SYS_TYPES_H 1
| #define HAVE_SYS_STAT_H 1
| #define HAVE_STDLIB_H 1
| #define HAVE_STRING_H 1
| #define HAVE_MEMORY_H 1
| #define HAVE_STRINGS_H 1
| #define HAVE_INTTYPES_H 1
| #define HAVE_STDINT_H 1
| #define HAVE_UNISTD_H 1
| #define HAVE_FCNTL_H 1
| #define HAVE_RPC_RPC_H 1
| /* end confdefs.h.  */
| #include <stdio.h>
| #ifdef HAVE_SYS_TYPES_H
| # include <sys/types.h>
| #endif
| #ifdef HAVE_SYS_STAT_H
| # include <sys/stat.h>
| #endif
| #ifdef STDC_HEADERS
| # include <stdlib.h>
| # include <stddef.h>
| #else
| # ifdef HAVE_STDLIB_H
| #  include <stdlib.h>
| # endif
| #endif
| #ifdef HAVE_STRING_H
| # if !defined STDC_HEADERS && defined HAVE_MEMORY_H
| #  include <memory.h>
| # endif
| # include <string.h>
| #endif
| #ifdef HAVE_STRINGS_H
| # include <strings.h>
| #endif
| #ifdef HAVE_INTTYPES_H
| # include <inttypes.h>
| #endif
| #ifdef HAVE_STDINT_H
| # include <stdint.h>
| #endif
| #ifdef HAVE_UNISTD_H
| # include <unistd.h>
| #endif
| #include <netdnet/dnetdb.h>
configure:4108: result: no
configure:4112: checking netdnet/dnetdb.h presence
configure:4127: gcc -E  conftest.c
conftest.c:25:28: fatal error: netdnet/dnetdb.h: No such file or directory
compilation terminated.
configure:4133: $? = 1
configure: failed program was:
| /* confdefs.h.  */
| #define PACKAGE_NAME ""
| #define PACKAGE_TARNAME ""
| #define PACKAGE_VERSION ""
| #define PACKAGE_STRING ""
| #define PACKAGE_BUGREPORT ""
| #define inline inline
| #define HAVE___ATTRIBUTE__ 1
| #define __ATTRIBUTE___NORETURN_OK_FOR_FUNCTION_POINTERS 1
| #define __ATTRIBUTE___FORMAT_OK 1
| #define __ATTRIBUTE___FORMAT_OK_FOR_FUNCTION_POINTERS 1
| #define STDC_HEADERS 1
| #define HAVE_SYS_TYPES_H 1
| #define HAVE_SYS_STAT_H 1
| #define HAVE_STDLIB_H 1
| #define HAVE_STRING_H 1
| #define HAVE_MEMORY_H 1
| #define HAVE_STRINGS_H 1
| #define HAVE_INTTYPES_H 1
| #define HAVE_STDINT_H 1
| #define HAVE_UNISTD_H 1
| #define HAVE_FCNTL_H 1
| #define HAVE_RPC_RPC_H 1
| /* end confdefs.h.  */
| #include <netdnet/dnetdb.h>
configure:4147: result: no
configure:4175: checking for netdnet/dnetdb.h
configure:4183: result: no
configure:4200: checking for net/pfvar.h
configure:4223: gcc -c -g -O2  conftest.c >&5
conftest.c:29:23: fatal error: net/pfvar.h: No such file or directory
compilation terminated.
configure:4229: $? = 1
configure: failed program was:
| /* confdefs.h.  */
| #define PACKAGE_NAME ""
| #define PACKAGE_TARNAME ""
| #define PACKAGE_VERSION ""
| #define PACKAGE_STRING ""
| #define PACKAGE_BUGREPORT ""
| #define inline inline
| #define HAVE___ATTRIBUTE__ 1
| #define __ATTRIBUTE___NORETURN_OK_FOR_FUNCTION_POINTERS 1
| #define __ATTRIBUTE___FORMAT_OK 1
| #define __ATTRIBUTE___FORMAT_OK_FOR_FUNCTION_POINTERS 1
| #define STDC_HEADERS 1
| #define HAVE_SYS_TYPES_H 1
| #define HAVE_SYS_STAT_H 1
| #define HAVE_STDLIB_H 1
| #define HAVE_STRING_H 1
| #define HAVE_MEMORY_H 1
| #define HAVE_STRINGS_H 1
| #define HAVE_INTTYPES_H 1
| #define HAVE_STDINT_H 1
| #define HAVE_UNISTD_H 1
| #define HAVE_FCNTL_H 1
| #define HAVE_RPC_RPC_H 1
| /* end confdefs.h.  */
| #include <sys/types.h>
| #include <sys/socket.h>
| #include <net/if.h>
| 
| #include <net/pfvar.h>
configure:4245: result: no
configure:4263: checking for netinet/if_ether.h
configure:4285: gcc -c -g -O2  conftest.c >&5
configure:4291: $? = 0
configure:4307: result: yes
configure:4394: checking whether time.h and sys/time.h may both be included
configure:4424: gcc -c -g -O2  conftest.c >&5
configure:4430: $? = 0
configure:4445: result: yes
configure:4489: checking Linux kernel version
configure:4507: result: 3
configure:4551: checking smi.h usability
configure:4568: gcc -c -g -O2  conftest.c >&5
conftest.c:60:17: fatal error: smi.h: No such file or directory
compilation terminated.
configure:4574: $? = 1
configure: failed program was:
| /* confdefs.h.  */
| #define PACKAGE_NAME ""
| #define PACKAGE_TARNAME ""
| #define PACKAGE_VERSION ""
| #define PACKAGE_STRING ""
| #define PACKAGE_BUGREPORT ""
| #define inline inline
| #define HAVE___ATTRIBUTE__ 1
| #define __ATTRIBUTE___NORETURN_OK_FOR_FUNCTION_POINTERS 1
| #define __ATTRIBUTE___FORMAT_OK 1
| #define __ATTRIBUTE___FORMAT_OK_FOR_FUNCTION_POINTERS 1
| #define STDC_HEADERS 1
| #define HAVE_SYS_TYPES_H 1
| #define HAVE_SYS_STAT_H 1
| #define HAVE_STDLIB_H 1
| #define HAVE_STRING_H 1
| #define HAVE_MEMORY_H 1
| #define HAVE_STRINGS_H 1
| #define HAVE_INTTYPES_H 1
| #define HAVE_STDINT_H 1
| #define HAVE_UNISTD_H 1
| #define HAVE_FCNTL_H 1
| #define HAVE_RPC_RPC_H 1
| #define HAVE_NETINET_IF_ETHER_H 1
| #define TIME_WITH_SYS_TIME 1
| /* end confdefs.h.  */
| #include <stdio.h>
| #ifdef HAVE_SYS_TYPES_H
| # include <sys/types.h>
| #endif
| #ifdef HAVE_SYS_STAT_H
| # include <sys/stat.h>
| #endif
| #ifdef STDC_HEADERS
| # include <stdlib.h>
| # include <stddef.h>
| #else
| # ifdef HAVE_STDLIB_H
| #  include <stdlib.h>
| # endif
| #endif
| #ifdef HAVE_STRING_H
| # if !defined STDC_HEADERS && defined HAVE_MEMORY_H
| #  include <memory.h>
| # endif
| # include <string.h>
| #endif
| #ifdef HAVE_STRINGS_H
| # include <strings.h>
| #endif
| #ifdef HAVE_INTTYPES_H
| # include <inttypes.h>
| #endif
| #ifdef HAVE_STDINT_H
| # include <stdint.h>
| #endif
| #ifdef HAVE_UNISTD_H
| # include <unistd.h>
| #endif
| #include <smi.h>
configure:4588: result: no
configure:4592: checking smi.h presence
configure:4607: gcc -E  conftest.c
conftest.c:27:17: fatal error: smi.h: No such file or directory
compilation terminated.
configure:4613: $? = 1
configure: failed program was:
| /* confdefs.h.  */
| #define PACKAGE_NAME ""
| #define PACKAGE_TARNAME ""
| #define PACKAGE_VERSION ""
| #define PACKAGE_STRING ""
| #define PACKAGE_BUGREPORT ""
| #define inline inline
| #define HAVE___ATTRIBUTE__ 1
| #define __ATTRIBUTE___NORETURN_OK_FOR_FUNCTION_POINTERS 1
| #define __ATTRIBUTE___FORMAT_OK 1
| #define __ATTRIBUTE___FORMAT_OK_FOR_FUNCTION_POINTERS 1
| #define STDC_HEADERS 1
| #define HAVE_SYS_TYPES_H 1
| #define HAVE_SYS_STAT_H 1
| #define HAVE_STDLIB_H 1
| #define HAVE_STRING_H 1
| #define HAVE_MEMORY_H 1
| #define HAVE_STRINGS_H 1
| #define HAVE_INTTYPES_H 1
| #define HAVE_STDINT_H 1
| #define HAVE_UNISTD_H 1
| #define HAVE_FCNTL_H 1
| #define HAVE_RPC_RPC_H 1
| #define HAVE_NETINET_IF_ETHER_H 1
| #define TIME_WITH_SYS_TIME 1
| /* end confdefs.h.  */
| #include <smi.h>
configure:4627: result: no
configure:4655: checking for smi.h
configure:4663: result: no
configure:4677: checking for smiInit in -lsmi
configure:4712: gcc -o conftest -g -O2   conftest.c -lsmi   >&5
/usr/bin/ld: cannot find -lsmi
collect2: error: ld returned 1 exit status
configure:4718: $? = 1
configure: failed program was:
| /* confdefs.h.  */
| #define PACKAGE_NAME ""
| #define PACKAGE_TARNAME ""
| #define PACKAGE_VERSION ""
| #define PACKAGE_STRING ""
| #define PACKAGE_BUGREPORT ""
| #define inline inline
| #define HAVE___ATTRIBUTE__ 1
| #define __ATTRIBUTE___NORETURN_OK_FOR_FUNCTION_POINTERS 1
| #define __ATTRIBUTE___FORMAT_OK 1
| #define __ATTRIBUTE___FORMAT_OK_FOR_FUNCTION_POINTERS 1
| #define STDC_HEADERS 1
| #define HAVE_SYS_TYPES_H 1
| #define HAVE_SYS_STAT_H 1
| #define HAVE_STDLIB_H 1
| #define HAVE_STRING_H 1
| #define HAVE_MEMORY_H 1
| #define HAVE_STRINGS_H 1
| #define HAVE_INTTYPES_H 1
| #define HAVE_STDINT_H 1
| #define HAVE_UNISTD_H 1
| #define HAVE_FCNTL_H 1
| #define HAVE_RPC_RPC_H 1
| #define HAVE_NETINET_IF_ETHER_H 1
| #define TIME_WITH_SYS_TIME 1
| /* end confdefs.h.  */
| 
| /* Override any GCC internal prototype to avoid an error.
|    Use char because int might match the return type of a GCC
|    builtin and then its argument prototype would still apply.  */
| #ifdef __cplusplus
| extern "C"
| #endif
| char smiInit ();
| int
| main ()
| {
| return smiInit ();
|   ;
|   return 0;
| }
configure:4736: result: no
configure:4837: checking whether to enable the possibly-buggy SMB printer
configure:4847: result: yes
configure:4849: WARNING: The SMB printer may have exploitable buffer overflows!!!
configure:4869: checking whether to drop root privileges by default
configure:4880: result: no
configure:4890: checking whether to chroot
configure:4901: result: no
configure:4915: checking for library containing gethostbyname
configure:4956: gcc -o conftest -g -O2   conftest.c  >&5
configure:4962: $? = 0
configure:4990: result: none required
configure:5068: checking for library containing socket
configure:5109: gcc -o conftest -g -O2   conftest.c  >&5
configure:5115: $? = 0
configure:5143: result: none required
configure:5218: checking for library containing putmsg
configure:5259: gcc -o conftest -g -O2   conftest.c  >&5
configure:5265: $? = 0
configure:5293: result: none required
configure:5303: checking whether to enable ipv6
configure:5355: gcc -o conftest -g -O2   conftest.c  >&5
conftest.c: In function 'main':
conftest.c:34:4: warning: incompatible implicit declaration of built-in function 'exit' [enabled by default]
configure:5358: $? = 0
configure:5364: ./conftest
configure:5367: $? = 0
configure:5369: result: yes
configure:5400: checking ipv6 stack type
configure:5547: result: linux-glibc
configure:5582: checking for library containing getaddrinfo
configure:5623: gcc -o conftest -DINET6 -g -O2   conftest.c  >&5
configure:5629: $? = 0
configure:5657: result: none required
configure:5662: checking getaddrinfo bug
configure:5778: gcc -o conftest -DINET6 -g -O2   conftest.c  >&5
conftest.c: In function 'main':
conftest.c:116:3: warning: incompatible implicit declaration of built-in function 'exit' [enabled by default]
configure:5781: $? = 0
configure:5787: ./conftest
configure:5790: $? = 0
configure:5808: result: good
configure:5840: checking for getnameinfo
configure:5896: gcc -o conftest -DINET6 -g -O2   conftest.c  >&5
configure:5902: $? = 0
configure:5920: result: yes
configure:5940: checking for dnet_htoa declaration in netdnet/dnetdb.h
conftest.c:30:28: fatal error: netdnet/dnetdb.h: No such file or directory
compilation terminated.
configure:5963: result: no
configure:5974: checking for addrinfo
configure:6001: gcc -c -DINET6 -g -O2  conftest.c >&5
configure:6007: $? = 0
configure:6023: result: yes
configure:6044: checking for NI_MAXSERV
configure:6070: result: yes
configure:6084: checking for NI_NAMEREQD
configure:6110: result: yes
configure:6124: checking for sockaddr_storage
configure:6152: gcc -c -DINET6 -g -O2  conftest.c >&5
configure:6158: $? = 0
configure:6174: result: yes
configure:6197: checking for vfprintf
configure:6253: gcc -o conftest -DINET6 -g -O2   conftest.c  >&5
conftest.c:55:6: warning: conflicting types for built-in function 'vfprintf' [enabled by default]
configure:6259: $? = 0
configure:6277: result: yes
configure:6197: checking for strcasecmp
configure:6253: gcc -o conftest -DINET6 -g -O2   conftest.c  >&5
conftest.c:56:6: warning: conflicting types for built-in function 'strcasecmp' [enabled by default]
configure:6259: $? = 0
configure:6277: result: yes
configure:6197: checking for strlcat
configure:6253: gcc -o conftest -DINET6 -g -O2   conftest.c  >&5
/tmp/ccNz6yjB.o: In function `main':
/home/xxha/tools/tcpdump/tcpdump/conftest.c:68: undefined reference to `strlcat'
collect2: error: ld returned 1 exit status
configure:6259: $? = 1
configure: failed program was:
| /* confdefs.h.  */
| #define PACKAGE_NAME ""
| #define PACKAGE_TARNAME ""
| #define PACKAGE_VERSION ""
| #define PACKAGE_STRING ""
| #define PACKAGE_BUGREPORT ""
| #define inline inline
| #define HAVE___ATTRIBUTE__ 1
| #define __ATTRIBUTE___NORETURN_OK_FOR_FUNCTION_POINTERS 1
| #define __ATTRIBUTE___FORMAT_OK 1
| #define __ATTRIBUTE___FORMAT_OK_FOR_FUNCTION_POINTERS 1
| #define STDC_HEADERS 1
| #define HAVE_SYS_TYPES_H 1
| #define HAVE_SYS_STAT_H 1
| #define HAVE_STDLIB_H 1
| #define HAVE_STRING_H 1
| #define HAVE_MEMORY_H 1
| #define HAVE_STRINGS_H 1
| #define HAVE_INTTYPES_H 1
| #define HAVE_STDINT_H 1
| #define HAVE_UNISTD_H 1
| #define HAVE_FCNTL_H 1
| #define HAVE_RPC_RPC_H 1
| #define HAVE_NETINET_IF_ETHER_H 1
| #define TIME_WITH_SYS_TIME 1
| #define TCPDUMP_DO_SMB 1
| #define INET6 1
| #define HAVE_GETNAMEINFO 1
| #define HAVE_ADDRINFO 1
| #define HAVE_SOCKADDR_STORAGE 1
| #define HAVE_VFPRINTF 1
| #define HAVE_STRCASECMP 1
| /* end confdefs.h.  */
| /* Define strlcat to an innocuous variant, in case <limits.h> declares strlcat.
|    For example, HP-UX 11i <limits.h> declares gettimeofday.  */
| #define strlcat innocuous_strlcat
| 
| /* System header to define __stub macros and hopefully few prototypes,
|     which can conflict with char strlcat (); below.
|     Prefer <limits.h> to <assert.h> if __STDC__ is defined, since
|     <limits.h> exists even on freestanding compilers.  */
| 
| #ifdef __STDC__
| # include <limits.h>
| #else
| # include <assert.h>
| #endif
| 
| #undef strlcat
| 
| /* Override any GCC internal prototype to avoid an error.
|    Use char because int might match the return type of a GCC
|    builtin and then its argument prototype would still apply.  */
| #ifdef __cplusplus
| extern "C"
| #endif
| char strlcat ();
| /* The GNU C library defines this for functions which it implements
|     to always fail with ENOSYS.  Some functions are actually named
|     something starting with __ and the normal name is an alias.  */
| #if defined __stub_strlcat || defined __stub___strlcat
| choke me
| #endif
| 
| int
| main ()
| {
| return strlcat ();
|   ;
|   return 0;
| }
configure:6277: result: no
configure:6197: checking for strlcpy
configure:6253: gcc -o conftest -DINET6 -g -O2   conftest.c  >&5
/tmp/ccxCEPaH.o: In function `main':
/home/xxha/tools/tcpdump/tcpdump/conftest.c:68: undefined reference to `strlcpy'
collect2: error: ld returned 1 exit status
configure:6259: $? = 1
configure: failed program was:
| /* confdefs.h.  */
| #define PACKAGE_NAME ""
| #define PACKAGE_TARNAME ""
| #define PACKAGE_VERSION ""
| #define PACKAGE_STRING ""
| #define PACKAGE_BUGREPORT ""
| #define inline inline
| #define HAVE___ATTRIBUTE__ 1
| #define __ATTRIBUTE___NORETURN_OK_FOR_FUNCTION_POINTERS 1
| #define __ATTRIBUTE___FORMAT_OK 1
| #define __ATTRIBUTE___FORMAT_OK_FOR_FUNCTION_POINTERS 1
| #define STDC_HEADERS 1
| #define HAVE_SYS_TYPES_H 1
| #define HAVE_SYS_STAT_H 1
| #define HAVE_STDLIB_H 1
| #define HAVE_STRING_H 1
| #define HAVE_MEMORY_H 1
| #define HAVE_STRINGS_H 1
| #define HAVE_INTTYPES_H 1
| #define HAVE_STDINT_H 1
| #define HAVE_UNISTD_H 1
| #define HAVE_FCNTL_H 1
| #define HAVE_RPC_RPC_H 1
| #define HAVE_NETINET_IF_ETHER_H 1
| #define TIME_WITH_SYS_TIME 1
| #define TCPDUMP_DO_SMB 1
| #define INET6 1
| #define HAVE_GETNAMEINFO 1
| #define HAVE_ADDRINFO 1
| #define HAVE_SOCKADDR_STORAGE 1
| #define HAVE_VFPRINTF 1
| #define HAVE_STRCASECMP 1
| /* end confdefs.h.  */
| /* Define strlcpy to an innocuous variant, in case <limits.h> declares strlcpy.
|    For example, HP-UX 11i <limits.h> declares gettimeofday.  */
| #define strlcpy innocuous_strlcpy
| 
| /* System header to define __stub macros and hopefully few prototypes,
|     which can conflict with char strlcpy (); below.
|     Prefer <limits.h> to <assert.h> if __STDC__ is defined, since
|     <limits.h> exists even on freestanding compilers.  */
| 
| #ifdef __STDC__
| # include <limits.h>
| #else
| # include <assert.h>
| #endif
| 
| #undef strlcpy
| 
| /* Override any GCC internal prototype to avoid an error.
|    Use char because int might match the return type of a GCC
|    builtin and then its argument prototype would still apply.  */
| #ifdef __cplusplus
| extern "C"
| #endif
| char strlcpy ();
| /* The GNU C library defines this for functions which it implements
|     to always fail with ENOSYS.  Some functions are actually named
|     something starting with __ and the normal name is an alias.  */
| #if defined __stub_strlcpy || defined __stub___strlcpy
| choke me
| #endif
| 
| int
| main ()
| {
| return strlcpy ();
|   ;
|   return 0;
| }
configure:6277: result: no
configure:6197: checking for strdup
configure:6253: gcc -o conftest -DINET6 -g -O2   conftest.c  >&5
conftest.c:57:6: warning: conflicting types for built-in function 'strdup' [enabled by default]
configure:6259: $? = 0
configure:6277: result: yes
configure:6197: checking for strsep
configure:6253: gcc -o conftest -DINET6 -g -O2   conftest.c  >&5
configure:6259: $? = 0
configure:6277: result: yes
configure:6301: checking for fork
configure:6357: gcc -o conftest -DINET6 -g -O2   conftest.c  >&5
conftest.c:59:6: warning: conflicting types for built-in function 'fork' [enabled by default]
configure:6363: $? = 0
configure:6381: result: yes
configure:6301: checking for vfork
configure:6357: gcc -o conftest -DINET6 -g -O2   conftest.c  >&5
configure:6363: $? = 0
configure:6381: result: yes
configure:6301: checking for strftime
configure:6357: gcc -o conftest -DINET6 -g -O2   conftest.c  >&5
conftest.c:61:6: warning: conflicting types for built-in function 'strftime' [enabled by default]
configure:6363: $? = 0
configure:6381: result: yes
configure:6396: checking for setlinebuf
configure:6452: gcc -o conftest -DINET6 -g -O2   conftest.c  >&5
configure:6458: $? = 0
configure:6476: result: yes
configure:6396: checking for alarm
configure:6452: gcc -o conftest -DINET6 -g -O2   conftest.c  >&5
configure:6458: $? = 0
configure:6476: result: yes
configure:6493: checking for vsnprintf
configure:6549: gcc -o conftest -DINET6 -g -O2   conftest.c  >&5
conftest.c:64:6: warning: conflicting types for built-in function 'vsnprintf' [enabled by default]
configure:6555: $? = 0
configure:6573: result: yes
configure:6493: checking for snprintf
configure:6549: gcc -o conftest -DINET6 -g -O2   conftest.c  >&5
conftest.c:65:6: warning: conflicting types for built-in function 'snprintf' [enabled by default]
configure:6555: $? = 0
configure:6573: result: yes
configure:6595: checking return type of signal handlers
configure:6623: gcc -c -DINET6 -g -O2  conftest.c >&5
conftest.c: In function 'main':
conftest.c:49:1: error: void value not ignored as it ought to be
configure:6629: $? = 1
configure: failed program was:
| /* confdefs.h.  */
| #define PACKAGE_NAME ""
| #define PACKAGE_TARNAME ""
| #define PACKAGE_VERSION ""
| #define PACKAGE_STRING ""
| #define PACKAGE_BUGREPORT ""
| #define inline inline
| #define HAVE___ATTRIBUTE__ 1
| #define __ATTRIBUTE___NORETURN_OK_FOR_FUNCTION_POINTERS 1
| #define __ATTRIBUTE___FORMAT_OK 1
| #define __ATTRIBUTE___FORMAT_OK_FOR_FUNCTION_POINTERS 1
| #define STDC_HEADERS 1
| #define HAVE_SYS_TYPES_H 1
| #define HAVE_SYS_STAT_H 1
| #define HAVE_STDLIB_H 1
| #define HAVE_STRING_H 1
| #define HAVE_MEMORY_H 1
| #define HAVE_STRINGS_H 1
| #define HAVE_INTTYPES_H 1
| #define HAVE_STDINT_H 1
| #define HAVE_UNISTD_H 1
| #define HAVE_FCNTL_H 1
| #define HAVE_RPC_RPC_H 1
| #define HAVE_NETINET_IF_ETHER_H 1
| #define TIME_WITH_SYS_TIME 1
| #define TCPDUMP_DO_SMB 1
| #define INET6 1
| #define HAVE_GETNAMEINFO 1
| #define HAVE_ADDRINFO 1
| #define HAVE_SOCKADDR_STORAGE 1
| #define HAVE_VFPRINTF 1
| #define HAVE_STRCASECMP 1
| #define HAVE_STRDUP 1
| #define HAVE_STRSEP 1
| #define HAVE_FORK 1
| #define HAVE_VFORK 1
| #define HAVE_STRFTIME 1
| #define HAVE_SETLINEBUF 1
| #define HAVE_ALARM 1
| #define HAVE_VSNPRINTF 1
| #define HAVE_SNPRINTF 1
| /* end confdefs.h.  */
| #include <sys/types.h>
| #include <signal.h>
| 
| int
| main ()
| {
| return *(signal (0, 0)) (0) == 1;
|   ;
|   return 0;
| }
configure:6644: result: void
configure:6680: checking for sigaction
configure:6736: gcc -o conftest -DINET6 -g -O2   conftest.c  >&5
configure:6742: $? = 0
configure:6760: result: yes
configure:6869: checking for library containing dnet_htoa
configure:6910: gcc -o conftest -DINET6 -g -O2   conftest.c  >&5
/tmp/ccyDcExz.o: In function `main':
/home/xxha/tools/tcpdump/tcpdump/conftest.c:57: undefined reference to `dnet_htoa'
collect2: error: ld returned 1 exit status
configure:6916: $? = 1
configure: failed program was:
| /* confdefs.h.  */
| #define PACKAGE_NAME ""
| #define PACKAGE_TARNAME ""
| #define PACKAGE_VERSION ""
| #define PACKAGE_STRING ""
| #define PACKAGE_BUGREPORT ""
| #define inline inline
| #define HAVE___ATTRIBUTE__ 1
| #define __ATTRIBUTE___NORETURN_OK_FOR_FUNCTION_POINTERS 1
| #define __ATTRIBUTE___FORMAT_OK 1
| #define __ATTRIBUTE___FORMAT_OK_FOR_FUNCTION_POINTERS 1
| #define STDC_HEADERS 1
| #define HAVE_SYS_TYPES_H 1
| #define HAVE_SYS_STAT_H 1
| #define HAVE_STDLIB_H 1
| #define HAVE_STRING_H 1
| #define HAVE_MEMORY_H 1
| #define HAVE_STRINGS_H 1
| #define HAVE_INTTYPES_H 1
| #define HAVE_STDINT_H 1
| #define HAVE_UNISTD_H 1
| #define HAVE_FCNTL_H 1
| #define HAVE_RPC_RPC_H 1
| #define HAVE_NETINET_IF_ETHER_H 1
| #define TIME_WITH_SYS_TIME 1
| #define TCPDUMP_DO_SMB 1
| #define INET6 1
| #define HAVE_GETNAMEINFO 1
| #define HAVE_ADDRINFO 1
| #define HAVE_SOCKADDR_STORAGE 1
| #define HAVE_VFPRINTF 1
| #define HAVE_STRCASECMP 1
| #define HAVE_STRDUP 1
| #define HAVE_STRSEP 1
| #define HAVE_FORK 1
| #define HAVE_VFORK 1
| #define HAVE_STRFTIME 1
| #define HAVE_SETLINEBUF 1
| #define HAVE_ALARM 1
| #define HAVE_VSNPRINTF 1
| #define HAVE_SNPRINTF 1
| #define RETSIGTYPE void
| #define RETSIGVAL
| #define HAVE_SIGACTION 1
| /* end confdefs.h.  */
| 
| /* Override any GCC internal prototype to avoid an error.
|    Use char because int might match the return type of a GCC
|    builtin and then its argument prototype would still apply.  */
| #ifdef __cplusplus
| extern "C"
| #endif
| char dnet_htoa ();
| int
| main ()
| {
| return dnet_htoa ();
|   ;
|   return 0;
| }
configure:6910: gcc -o conftest -DINET6 -g -O2   conftest.c -ldnet   >&5
/usr/bin/ld: cannot find -ldnet
collect2: error: ld returned 1 exit status
configure:6916: $? = 1
configure: failed program was:
| /* confdefs.h.  */
| #define PACKAGE_NAME ""
| #define PACKAGE_TARNAME ""
| #define PACKAGE_VERSION ""
| #define PACKAGE_STRING ""
| #define PACKAGE_BUGREPORT ""
| #define inline inline
| #define HAVE___ATTRIBUTE__ 1
| #define __ATTRIBUTE___NORETURN_OK_FOR_FUNCTION_POINTERS 1
| #define __ATTRIBUTE___FORMAT_OK 1
| #define __ATTRIBUTE___FORMAT_OK_FOR_FUNCTION_POINTERS 1
| #define STDC_HEADERS 1
| #define HAVE_SYS_TYPES_H 1
| #define HAVE_SYS_STAT_H 1
| #define HAVE_STDLIB_H 1
| #define HAVE_STRING_H 1
| #define HAVE_MEMORY_H 1
| #define HAVE_STRINGS_H 1
| #define HAVE_INTTYPES_H 1
| #define HAVE_STDINT_H 1
| #define HAVE_UNISTD_H 1
| #define HAVE_FCNTL_H 1
| #define HAVE_RPC_RPC_H 1
| #define HAVE_NETINET_IF_ETHER_H 1
| #define TIME_WITH_SYS_TIME 1
| #define TCPDUMP_DO_SMB 1
| #define INET6 1
| #define HAVE_GETNAMEINFO 1
| #define HAVE_ADDRINFO 1
| #define HAVE_SOCKADDR_STORAGE 1
| #define HAVE_VFPRINTF 1
| #define HAVE_STRCASECMP 1
| #define HAVE_STRDUP 1
| #define HAVE_STRSEP 1
| #define HAVE_FORK 1
| #define HAVE_VFORK 1
| #define HAVE_STRFTIME 1
| #define HAVE_SETLINEBUF 1
| #define HAVE_ALARM 1
| #define HAVE_VSNPRINTF 1
| #define HAVE_SNPRINTF 1
| #define RETSIGTYPE void
| #define RETSIGVAL
| #define HAVE_SIGACTION 1
| /* end confdefs.h.  */
| 
| /* Override any GCC internal prototype to avoid an error.
|    Use char because int might match the return type of a GCC
|    builtin and then its argument prototype would still apply.  */
| #ifdef __cplusplus
| extern "C"
| #endif
| char dnet_htoa ();
| int
| main ()
| {
| return dnet_htoa ();
|   ;
|   return 0;
| }
configure:6944: result: no
configure:6958: checking for main in -lrpc
configure:6987: gcc -o conftest -DINET6 -g -O2   conftest.c -lrpc   >&5
/usr/bin/ld: cannot find -lrpc
collect2: error: ld returned 1 exit status
configure:6993: $? = 1
configure: failed program was:
| /* confdefs.h.  */
| #define PACKAGE_NAME ""
| #define PACKAGE_TARNAME ""
| #define PACKAGE_VERSION ""
| #define PACKAGE_STRING ""
| #define PACKAGE_BUGREPORT ""
| #define inline inline
| #define HAVE___ATTRIBUTE__ 1
| #define __ATTRIBUTE___NORETURN_OK_FOR_FUNCTION_POINTERS 1
| #define __ATTRIBUTE___FORMAT_OK 1
| #define __ATTRIBUTE___FORMAT_OK_FOR_FUNCTION_POINTERS 1
| #define STDC_HEADERS 1
| #define HAVE_SYS_TYPES_H 1
| #define HAVE_SYS_STAT_H 1
| #define HAVE_STDLIB_H 1
| #define HAVE_STRING_H 1
| #define HAVE_MEMORY_H 1
| #define HAVE_STRINGS_H 1
| #define HAVE_INTTYPES_H 1
| #define HAVE_STDINT_H 1
| #define HAVE_UNISTD_H 1
| #define HAVE_FCNTL_H 1
| #define HAVE_RPC_RPC_H 1
| #define HAVE_NETINET_IF_ETHER_H 1
| #define TIME_WITH_SYS_TIME 1
| #define TCPDUMP_DO_SMB 1
| #define INET6 1
| #define HAVE_GETNAMEINFO 1
| #define HAVE_ADDRINFO 1
| #define HAVE_SOCKADDR_STORAGE 1
| #define HAVE_VFPRINTF 1
| #define HAVE_STRCASECMP 1
| #define HAVE_STRDUP 1
| #define HAVE_STRSEP 1
| #define HAVE_FORK 1
| #define HAVE_VFORK 1
| #define HAVE_STRFTIME 1
| #define HAVE_SETLINEBUF 1
| #define HAVE_ALARM 1
| #define HAVE_VSNPRINTF 1
| #define HAVE_SNPRINTF 1
| #define RETSIGTYPE void
| #define RETSIGVAL
| #define HAVE_SIGACTION 1
| /* end confdefs.h.  */
| 
| 
| int
| main ()
| {
| return main ();
|   ;
|   return 0;
| }
configure:7011: result: no
configure:7022: checking for library containing getrpcbynumber
configure:7063: gcc -o conftest -DINET6 -g -O2   conftest.c  >&5
configure:7069: $? = 0
configure:7097: result: none required
configure:7215: checking for local pcap library
configure:7234: result: not found
configure:7286: checking for pcap-config
configure:7304: found /usr/bin/pcap-config
configure:7316: result: /usr/bin/pcap-config
configure:7553: checking for pcap_loop
configure:7609: gcc -o conftest -DINET6 -g -O2   conftest.c -L/usr/lib/i386-linux-gnu  -lpcap  >&5
configure:7615: $? = 0
configure:7632: result: yes
configure:7661: checking for pcap_list_datalinks
configure:7717: gcc -o conftest -DINET6 -g -O2   conftest.c -L/usr/lib/i386-linux-gnu  -lpcap  >&5
configure:7723: $? = 0
configure:7740: result: yes
configure:7759: checking for pcap_set_datalink
configure:7815: gcc -o conftest -DINET6 -g -O2   conftest.c -L/usr/lib/i386-linux-gnu  -lpcap  >&5
configure:7821: $? = 0
configure:7838: result: yes
configure:7848: checking for pcap_datalink_name_to_val
configure:7904: gcc -o conftest -DINET6 -g -O2   conftest.c -L/usr/lib/i386-linux-gnu  -lpcap  >&5
configure:7910: $? = 0
configure:7927: result: yes
configure:7936: checking for pcap_datalink_val_to_description
configure:7992: gcc -o conftest -DINET6 -g -O2   conftest.c -L/usr/lib/i386-linux-gnu  -lpcap  >&5
configure:7998: $? = 0
configure:8015: result: yes
configure:8051: checking for pcap_breakloop
configure:8107: gcc -o conftest -DINET6 -g -O2   conftest.c -L/usr/lib/i386-linux-gnu  -lpcap  >&5
configure:8113: $? = 0
configure:8131: result: yes
configure:8142: checking for pcap_dump_ftell
configure:8198: gcc -o conftest -DINET6 -g -O2   conftest.c -L/usr/lib/i386-linux-gnu  -lpcap  >&5
configure:8204: $? = 0
configure:8221: result: yes
configure:8254: checking for inet_ntop
configure:8281: gcc -o conftest -DINET6 -g -O2   conftest.c -L/usr/lib/i386-linux-gnu  -lpcap  >&5
configure:8287: $? = 0
configure:8293: result: yes
configure:8311: checking for inet_pton
configure:8338: gcc -o conftest -DINET6 -g -O2   conftest.c -L/usr/lib/i386-linux-gnu  -lpcap  >&5
configure:8344: $? = 0
configure:8350: result: yes
configure:8368: checking for inet_aton
configure:8395: gcc -o conftest -DINET6 -g -O2   conftest.c -L/usr/lib/i386-linux-gnu  -lpcap  >&5
configure:8401: $? = 0
configure:8407: result: yes
configure:8443: checking for ether_ntohost
configure:8499: gcc -o conftest -DINET6 -g -O2   conftest.c -L/usr/lib/i386-linux-gnu  -lpcap  >&5
configure:8505: $? = 0
configure:8523: result: yes
configure:8530: checking for buggy ether_ntohost
configure:8568: gcc -o conftest -DINET6 -g -O2   conftest.c -L/usr/lib/i386-linux-gnu  -lpcap  >&5
conftest.c: In function 'main':
conftest.c:67:4: warning: incompatible implicit declaration of built-in function 'exit' [enabled by default]
configure:8571: $? = 0
configure:8577: ./conftest
configure:8580: $? = 0
configure:8596: result: no
configure:8618: checking whether ether_ntohost is declared
configure:8657: gcc -c -DINET6 -g -O2  conftest.c >&5
conftest.c: In function 'main':
conftest.c:70:10: error: 'ether_ntohost' undeclared (first use in this function)
conftest.c:70:10: note: each undeclared identifier is reported only once for each function it appears in
configure:8663: $? = 1
configure: failed program was:
| /* confdefs.h.  */
| #define PACKAGE_NAME ""
| #define PACKAGE_TARNAME ""
| #define PACKAGE_VERSION ""
| #define PACKAGE_STRING ""
| #define PACKAGE_BUGREPORT ""
| #define inline inline
| #define HAVE___ATTRIBUTE__ 1
| #define __ATTRIBUTE___NORETURN_OK_FOR_FUNCTION_POINTERS 1
| #define __ATTRIBUTE___FORMAT_OK 1
| #define __ATTRIBUTE___FORMAT_OK_FOR_FUNCTION_POINTERS 1
| #define STDC_HEADERS 1
| #define HAVE_SYS_TYPES_H 1
| #define HAVE_SYS_STAT_H 1
| #define HAVE_STDLIB_H 1
| #define HAVE_STRING_H 1
| #define HAVE_MEMORY_H 1
| #define HAVE_STRINGS_H 1
| #define HAVE_INTTYPES_H 1
| #define HAVE_STDINT_H 1
| #define HAVE_UNISTD_H 1
| #define HAVE_FCNTL_H 1
| #define HAVE_RPC_RPC_H 1
| #define HAVE_NETINET_IF_ETHER_H 1
| #define TIME_WITH_SYS_TIME 1
| #define TCPDUMP_DO_SMB 1
| #define INET6 1
| #define HAVE_GETNAMEINFO 1
| #define HAVE_ADDRINFO 1
| #define HAVE_SOCKADDR_STORAGE 1
| #define HAVE_VFPRINTF 1
| #define HAVE_STRCASECMP 1
| #define HAVE_STRDUP 1
| #define HAVE_STRSEP 1
| #define HAVE_FORK 1
| #define HAVE_VFORK 1
| #define HAVE_STRFTIME 1
| #define HAVE_SETLINEBUF 1
| #define HAVE_ALARM 1
| #define HAVE_VSNPRINTF 1
| #define HAVE_SNPRINTF 1
| #define RETSIGTYPE void
| #define RETSIGVAL
| #define HAVE_SIGACTION 1
| #define HAVE_GETRPCBYNUMBER 1
| #define HAVE_PCAP_LIST_DATALINKS 1
| #define HAVE_PCAP_SET_DATALINK 1
| #define HAVE_PCAP_DATALINK_NAME_TO_VAL 1
| #define HAVE_PCAP_DATALINK_VAL_TO_DESCRIPTION 1
| #define HAVE_PCAP_BREAKLOOP 1
| #define HAVE_PCAP_DUMP_FTELL 1
| #define HAVE_ETHER_NTOHOST 1
| #define USE_ETHER_NTOHOST 1
| /* end confdefs.h.  */
| 
| #include <sys/types.h>
| #include <sys/socket.h>
| #include <netinet/in.h>
| #include <arpa/inet.h>
| struct mbuf;
| struct rtentry;
| #include <net/if.h>
| #include <netinet/if_ether.h>
| 
| 
| int
| main ()
| {
| #ifndef ether_ntohost
|   (void) ether_ntohost;
| #endif
| 
|   ;
|   return 0;
| }
configure:8678: result: no
configure:8713: checking netinet/ether.h usability
configure:8730: gcc -c -DINET6 -g -O2  conftest.c >&5
configure:8736: $? = 0
configure:8750: result: yes
configure:8754: checking netinet/ether.h presence
configure:8769: gcc -E  conftest.c
configure:8775: $? = 0
configure:8789: result: yes
configure:8817: checking for netinet/ether.h
configure:8825: result: yes
configure:8846: checking whether ether_ntohost is declared
configure:8878: gcc -c -DINET6 -g -O2  conftest.c >&5
configure:8884: $? = 0
configure:8899: result: yes
configure:9008: checking for dlpi_walk in -ldlpi
configure:9043: gcc -o conftest -DINET6 -g -O2   conftest.c -ldlpi -L/lib -L/usr/lib/i386-linux-gnu  -lpcap  >&5
/usr/bin/ld: cannot find -ldlpi
collect2: error: ld returned 1 exit status
configure:9049: $? = 1
configure: failed program was:
| /* confdefs.h.  */
| #define PACKAGE_NAME ""
| #define PACKAGE_TARNAME ""
| #define PACKAGE_VERSION ""
| #define PACKAGE_STRING ""
| #define PACKAGE_BUGREPORT ""
| #define inline inline
| #define HAVE___ATTRIBUTE__ 1
| #define __ATTRIBUTE___NORETURN_OK_FOR_FUNCTION_POINTERS 1
| #define __ATTRIBUTE___FORMAT_OK 1
| #define __ATTRIBUTE___FORMAT_OK_FOR_FUNCTION_POINTERS 1
| #define STDC_HEADERS 1
| #define HAVE_SYS_TYPES_H 1
| #define HAVE_SYS_STAT_H 1
| #define HAVE_STDLIB_H 1
| #define HAVE_STRING_H 1
| #define HAVE_MEMORY_H 1
| #define HAVE_STRINGS_H 1
| #define HAVE_INTTYPES_H 1
| #define HAVE_STDINT_H 1
| #define HAVE_UNISTD_H 1
| #define HAVE_FCNTL_H 1
| #define HAVE_RPC_RPC_H 1
| #define HAVE_NETINET_IF_ETHER_H 1
| #define TIME_WITH_SYS_TIME 1
| #define TCPDUMP_DO_SMB 1
| #define INET6 1
| #define HAVE_GETNAMEINFO 1
| #define HAVE_ADDRINFO 1
| #define HAVE_SOCKADDR_STORAGE 1
| #define HAVE_VFPRINTF 1
| #define HAVE_STRCASECMP 1
| #define HAVE_STRDUP 1
| #define HAVE_STRSEP 1
| #define HAVE_FORK 1
| #define HAVE_VFORK 1
| #define HAVE_STRFTIME 1
| #define HAVE_SETLINEBUF 1
| #define HAVE_ALARM 1
| #define HAVE_VSNPRINTF 1
| #define HAVE_SNPRINTF 1
| #define RETSIGTYPE void
| #define RETSIGVAL
| #define HAVE_SIGACTION 1
| #define HAVE_GETRPCBYNUMBER 1
| #define HAVE_PCAP_LIST_DATALINKS 1
| #define HAVE_PCAP_SET_DATALINK 1
| #define HAVE_PCAP_DATALINK_NAME_TO_VAL 1
| #define HAVE_PCAP_DATALINK_VAL_TO_DESCRIPTION 1
| #define HAVE_PCAP_BREAKLOOP 1
| #define HAVE_PCAP_DUMP_FTELL 1
| #define HAVE_ETHER_NTOHOST 1
| #define USE_ETHER_NTOHOST 1
| #define HAVE_NETINET_ETHER_H 1
| #define NETINET_ETHER_H_DECLARES_ETHER_NTOHOST
| #define HAVE_DECL_ETHER_NTOHOST 1
| /* end confdefs.h.  */
| 
| /* Override any GCC internal prototype to avoid an error.
|    Use char because int might match the return type of a GCC
|    builtin and then its argument prototype would still apply.  */
| #ifdef __cplusplus
| extern "C"
| #endif
| char dlpi_walk ();
| int
| main ()
| {
| return dlpi_walk ();
|   ;
|   return 0;
| }
configure:9067: result: no
configure:9075: checking if sockaddr struct has sa_len member
configure:9103: gcc -c -DINET6 -g -O2  conftest.c >&5
conftest.c: In function 'main':
conftest.c:64:40: error: 'struct sockaddr' has no member named 'sa_len'
configure:9109: $? = 1
configure: failed program was:
| /* confdefs.h.  */
| #define PACKAGE_NAME ""
| #define PACKAGE_TARNAME ""
| #define PACKAGE_VERSION ""
| #define PACKAGE_STRING ""
| #define PACKAGE_BUGREPORT ""
| #define inline inline
| #define HAVE___ATTRIBUTE__ 1
| #define __ATTRIBUTE___NORETURN_OK_FOR_FUNCTION_POINTERS 1
| #define __ATTRIBUTE___FORMAT_OK 1
| #define __ATTRIBUTE___FORMAT_OK_FOR_FUNCTION_POINTERS 1
| #define STDC_HEADERS 1
| #define HAVE_SYS_TYPES_H 1
| #define HAVE_SYS_STAT_H 1
| #define HAVE_STDLIB_H 1
| #define HAVE_STRING_H 1
| #define HAVE_MEMORY_H 1
| #define HAVE_STRINGS_H 1
| #define HAVE_INTTYPES_H 1
| #define HAVE_STDINT_H 1
| #define HAVE_UNISTD_H 1
| #define HAVE_FCNTL_H 1
| #define HAVE_RPC_RPC_H 1
| #define HAVE_NETINET_IF_ETHER_H 1
| #define TIME_WITH_SYS_TIME 1
| #define TCPDUMP_DO_SMB 1
| #define INET6 1
| #define HAVE_GETNAMEINFO 1
| #define HAVE_ADDRINFO 1
| #define HAVE_SOCKADDR_STORAGE 1
| #define HAVE_VFPRINTF 1
| #define HAVE_STRCASECMP 1
| #define HAVE_STRDUP 1
| #define HAVE_STRSEP 1
| #define HAVE_FORK 1
| #define HAVE_VFORK 1
| #define HAVE_STRFTIME 1
| #define HAVE_SETLINEBUF 1
| #define HAVE_ALARM 1
| #define HAVE_VSNPRINTF 1
| #define HAVE_SNPRINTF 1
| #define RETSIGTYPE void
| #define RETSIGVAL
| #define HAVE_SIGACTION 1
| #define HAVE_GETRPCBYNUMBER 1
| #define HAVE_PCAP_LIST_DATALINKS 1
| #define HAVE_PCAP_SET_DATALINK 1
| #define HAVE_PCAP_DATALINK_NAME_TO_VAL 1
| #define HAVE_PCAP_DATALINK_VAL_TO_DESCRIPTION 1
| #define HAVE_PCAP_BREAKLOOP 1
| #define HAVE_PCAP_DUMP_FTELL 1
| #define HAVE_ETHER_NTOHOST 1
| #define USE_ETHER_NTOHOST 1
| #define HAVE_NETINET_ETHER_H 1
| #define NETINET_ETHER_H_DECLARES_ETHER_NTOHOST
| #define HAVE_DECL_ETHER_NTOHOST 1
| /* end confdefs.h.  */
| 
| #		include <sys/types.h>
| #		include <sys/socket.h>
| int
| main ()
| {
| u_int i = sizeof(((struct sockaddr *)0)->sa_len)
|   ;
|   return 0;
| }
configure:9125: result: no
configure:9147: checking for pcap_create
configure:9203: gcc -o conftest -DINET6 -g -O2   conftest.c -L/usr/lib/i386-linux-gnu  -lpcap  >&5
configure:9209: $? = 0
configure:9227: result: yes
configure:9246: checking for pcap_set_tstamp_type
configure:9302: gcc -o conftest -DINET6 -g -O2   conftest.c -L/usr/lib/i386-linux-gnu  -lpcap  >&5
configure:9308: $? = 0
configure:9326: result: yes
configure:9344: checking for pcap_findalldevs
configure:9400: gcc -o conftest -DINET6 -g -O2   conftest.c -L/usr/lib/i386-linux-gnu  -lpcap  >&5
configure:9406: $? = 0
configure:9424: result: yes
configure:9344: checking for pcap_dump_flush
configure:9400: gcc -o conftest -DINET6 -g -O2   conftest.c -L/usr/lib/i386-linux-gnu  -lpcap  >&5
configure:9406: $? = 0
configure:9424: result: yes
configure:9344: checking for pcap_lib_version
configure:9400: gcc -o conftest -DINET6 -g -O2   conftest.c -L/usr/lib/i386-linux-gnu  -lpcap  >&5
configure:9406: $? = 0
configure:9424: result: yes
configure:9437: checking for pcap_if_t
configure:9468: gcc -c -DINET6 -g -O2  -I/usr/include  conftest.c >&5
configure:9474: $? = 0
configure:9489: result: yes
configure:9566: checking whether pcap_debug is defined by libpcap
configure:9593: gcc -o conftest -DINET6 -g -O2   conftest.c -L/usr/lib/i386-linux-gnu  -lpcap  >&5
/tmp/ccalHvQs.o: In function `main':
/home/xxha/tools/tcpdump/tcpdump/conftest.c:75: undefined reference to `pcap_debug'
collect2: error: ld returned 1 exit status
configure:9599: $? = 1
configure: failed program was:
| /* confdefs.h.  */
| #define PACKAGE_NAME ""
| #define PACKAGE_TARNAME ""
| #define PACKAGE_VERSION ""
| #define PACKAGE_STRING ""
| #define PACKAGE_BUGREPORT ""
| #define inline inline
| #define HAVE___ATTRIBUTE__ 1
| #define __ATTRIBUTE___NORETURN_OK_FOR_FUNCTION_POINTERS 1
| #define __ATTRIBUTE___FORMAT_OK 1
| #define __ATTRIBUTE___FORMAT_OK_FOR_FUNCTION_POINTERS 1
| #define STDC_HEADERS 1
| #define HAVE_SYS_TYPES_H 1
| #define HAVE_SYS_STAT_H 1
| #define HAVE_STDLIB_H 1
| #define HAVE_STRING_H 1
| #define HAVE_MEMORY_H 1
| #define HAVE_STRINGS_H 1
| #define HAVE_INTTYPES_H 1
| #define HAVE_STDINT_H 1
| #define HAVE_UNISTD_H 1
| #define HAVE_FCNTL_H 1
| #define HAVE_RPC_RPC_H 1
| #define HAVE_NETINET_IF_ETHER_H 1
| #define TIME_WITH_SYS_TIME 1
| #define TCPDUMP_DO_SMB 1
| #define INET6 1
| #define HAVE_GETNAMEINFO 1
| #define HAVE_ADDRINFO 1
| #define HAVE_SOCKADDR_STORAGE 1
| #define HAVE_VFPRINTF 1
| #define HAVE_STRCASECMP 1
| #define HAVE_STRDUP 1
| #define HAVE_STRSEP 1
| #define HAVE_FORK 1
| #define HAVE_VFORK 1
| #define HAVE_STRFTIME 1
| #define HAVE_SETLINEBUF 1
| #define HAVE_ALARM 1
| #define HAVE_VSNPRINTF 1
| #define HAVE_SNPRINTF 1
| #define RETSIGTYPE void
| #define RETSIGVAL
| #define HAVE_SIGACTION 1
| #define HAVE_GETRPCBYNUMBER 1
| #define HAVE_PCAP_LIST_DATALINKS 1
| #define HAVE_PCAP_SET_DATALINK 1
| #define HAVE_PCAP_DATALINK_NAME_TO_VAL 1
| #define HAVE_PCAP_DATALINK_VAL_TO_DESCRIPTION 1
| #define HAVE_PCAP_BREAKLOOP 1
| #define HAVE_PCAP_DUMP_FTELL 1
| #define HAVE_ETHER_NTOHOST 1
| #define USE_ETHER_NTOHOST 1
| #define HAVE_NETINET_ETHER_H 1
| #define NETINET_ETHER_H_DECLARES_ETHER_NTOHOST
| #define HAVE_DECL_ETHER_NTOHOST 1
| #define HAVE_PCAP_CREATE 1
| #define HAVE_PCAP_SET_TSTAMP_TYPE 1
| #define HAVE_PCAP_FINDALLDEVS 1
| #define HAVE_PCAP_DUMP_FLUSH 1
| #define HAVE_PCAP_LIB_VERSION 1
| #define HAVE_PCAP_IF_T 1
| /* end confdefs.h.  */
| 
| int
| main ()
| {
| 
| 	extern int pcap_debug;
| 
| 	return pcap_debug;
| 
|   ;
|   return 0;
| }
configure:9624: result: no
configure:9629: checking whether yydebug is defined by libpcap
configure:9656: gcc -o conftest -DINET6 -g -O2   conftest.c -L/usr/lib/i386-linux-gnu  -lpcap  >&5
/tmp/ccyytAYw.o: In function `main':
/home/xxha/tools/tcpdump/tcpdump/conftest.c:75: undefined reference to `yydebug'
collect2: error: ld returned 1 exit status
configure:9662: $? = 1
configure: failed program was:
| /* confdefs.h.  */
| #define PACKAGE_NAME ""
| #define PACKAGE_TARNAME ""
| #define PACKAGE_VERSION ""
| #define PACKAGE_STRING ""
| #define PACKAGE_BUGREPORT ""
| #define inline inline
| #define HAVE___ATTRIBUTE__ 1
| #define __ATTRIBUTE___NORETURN_OK_FOR_FUNCTION_POINTERS 1
| #define __ATTRIBUTE___FORMAT_OK 1
| #define __ATTRIBUTE___FORMAT_OK_FOR_FUNCTION_POINTERS 1
| #define STDC_HEADERS 1
| #define HAVE_SYS_TYPES_H 1
| #define HAVE_SYS_STAT_H 1
| #define HAVE_STDLIB_H 1
| #define HAVE_STRING_H 1
| #define HAVE_MEMORY_H 1
| #define HAVE_STRINGS_H 1
| #define HAVE_INTTYPES_H 1
| #define HAVE_STDINT_H 1
| #define HAVE_UNISTD_H 1
| #define HAVE_FCNTL_H 1
| #define HAVE_RPC_RPC_H 1
| #define HAVE_NETINET_IF_ETHER_H 1
| #define TIME_WITH_SYS_TIME 1
| #define TCPDUMP_DO_SMB 1
| #define INET6 1
| #define HAVE_GETNAMEINFO 1
| #define HAVE_ADDRINFO 1
| #define HAVE_SOCKADDR_STORAGE 1
| #define HAVE_VFPRINTF 1
| #define HAVE_STRCASECMP 1
| #define HAVE_STRDUP 1
| #define HAVE_STRSEP 1
| #define HAVE_FORK 1
| #define HAVE_VFORK 1
| #define HAVE_STRFTIME 1
| #define HAVE_SETLINEBUF 1
| #define HAVE_ALARM 1
| #define HAVE_VSNPRINTF 1
| #define HAVE_SNPRINTF 1
| #define RETSIGTYPE void
| #define RETSIGVAL
| #define HAVE_SIGACTION 1
| #define HAVE_GETRPCBYNUMBER 1
| #define HAVE_PCAP_LIST_DATALINKS 1
| #define HAVE_PCAP_SET_DATALINK 1
| #define HAVE_PCAP_DATALINK_NAME_TO_VAL 1
| #define HAVE_PCAP_DATALINK_VAL_TO_DESCRIPTION 1
| #define HAVE_PCAP_BREAKLOOP 1
| #define HAVE_PCAP_DUMP_FTELL 1
| #define HAVE_ETHER_NTOHOST 1
| #define USE_ETHER_NTOHOST 1
| #define HAVE_NETINET_ETHER_H 1
| #define NETINET_ETHER_H_DECLARES_ETHER_NTOHOST
| #define HAVE_DECL_ETHER_NTOHOST 1
| #define HAVE_PCAP_CREATE 1
| #define HAVE_PCAP_SET_TSTAMP_TYPE 1
| #define HAVE_PCAP_FINDALLDEVS 1
| #define HAVE_PCAP_DUMP_FLUSH 1
| #define HAVE_PCAP_LIB_VERSION 1
| #define HAVE_PCAP_IF_T 1
| /* end confdefs.h.  */
| 
| int
| main ()
| {
| 
| 		extern int yydebug;
| 
| 		return yydebug;
| 
|   ;
|   return 0;
| }
configure:9687: result: no
configure:9695: checking for bpf_dump
configure:9751: gcc -o conftest -DINET6 -g -O2   conftest.c -L/usr/lib/i386-linux-gnu  -lpcap  >&5
configure:9757: $? = 0
configure:9775: result: yes
configure:9860: checking for int8_t
configure:9891: gcc -c -DINET6 -g -O2  conftest.c >&5
configure:9897: $? = 0
configure:9926: gcc -c -DINET6 -g -O2  conftest.c >&5
conftest.c: In function 'main':
conftest.c:101:12: error: size of array 'test_array' is negative
configure:9932: $? = 1
configure: failed program was:
| /* confdefs.h.  */
| #define PACKAGE_NAME ""
| #define PACKAGE_TARNAME ""
| #define PACKAGE_VERSION ""
| #define PACKAGE_STRING ""
| #define PACKAGE_BUGREPORT ""
| #define inline inline
| #define HAVE___ATTRIBUTE__ 1
| #define __ATTRIBUTE___NORETURN_OK_FOR_FUNCTION_POINTERS 1
| #define __ATTRIBUTE___FORMAT_OK 1
| #define __ATTRIBUTE___FORMAT_OK_FOR_FUNCTION_POINTERS 1
| #define STDC_HEADERS 1
| #define HAVE_SYS_TYPES_H 1
| #define HAVE_SYS_STAT_H 1
| #define HAVE_STDLIB_H 1
| #define HAVE_STRING_H 1
| #define HAVE_MEMORY_H 1
| #define HAVE_STRINGS_H 1
| #define HAVE_INTTYPES_H 1
| #define HAVE_STDINT_H 1
| #define HAVE_UNISTD_H 1
| #define HAVE_FCNTL_H 1
| #define HAVE_RPC_RPC_H 1
| #define HAVE_NETINET_IF_ETHER_H 1
| #define TIME_WITH_SYS_TIME 1
| #define TCPDUMP_DO_SMB 1
| #define INET6 1
| #define HAVE_GETNAMEINFO 1
| #define HAVE_ADDRINFO 1
| #define HAVE_SOCKADDR_STORAGE 1
| #define HAVE_VFPRINTF 1
| #define HAVE_STRCASECMP 1
| #define HAVE_STRDUP 1
| #define HAVE_STRSEP 1
| #define HAVE_FORK 1
| #define HAVE_VFORK 1
| #define HAVE_STRFTIME 1
| #define HAVE_SETLINEBUF 1
| #define HAVE_ALARM 1
| #define HAVE_VSNPRINTF 1
| #define HAVE_SNPRINTF 1
| #define RETSIGTYPE void
| #define RETSIGVAL
| #define HAVE_SIGACTION 1
| #define HAVE_GETRPCBYNUMBER 1
| #define HAVE_PCAP_LIST_DATALINKS 1
| #define HAVE_PCAP_SET_DATALINK 1
| #define HAVE_PCAP_DATALINK_NAME_TO_VAL 1
| #define HAVE_PCAP_DATALINK_VAL_TO_DESCRIPTION 1
| #define HAVE_PCAP_BREAKLOOP 1
| #define HAVE_PCAP_DUMP_FTELL 1
| #define HAVE_ETHER_NTOHOST 1
| #define USE_ETHER_NTOHOST 1
| #define HAVE_NETINET_ETHER_H 1
| #define NETINET_ETHER_H_DECLARES_ETHER_NTOHOST
| #define HAVE_DECL_ETHER_NTOHOST 1
| #define HAVE_PCAP_CREATE 1
| #define HAVE_PCAP_SET_TSTAMP_TYPE 1
| #define HAVE_PCAP_FINDALLDEVS 1
| #define HAVE_PCAP_DUMP_FLUSH 1
| #define HAVE_PCAP_LIB_VERSION 1
| #define HAVE_PCAP_IF_T 1
| #define HAVE_BPF_DUMP 1
| /* end confdefs.h.  */
| #include <stdio.h>
| #ifdef HAVE_SYS_TYPES_H
| # include <sys/types.h>
| #endif
| #ifdef HAVE_SYS_STAT_H
| # include <sys/stat.h>
| #endif
| #ifdef STDC_HEADERS
| # include <stdlib.h>
| # include <stddef.h>
| #else
| # ifdef HAVE_STDLIB_H
| #  include <stdlib.h>
| # endif
| #endif
| #ifdef HAVE_STRING_H
| # if !defined STDC_HEADERS && defined HAVE_MEMORY_H
| #  include <memory.h>
| # endif
| # include <string.h>
| #endif
| #ifdef HAVE_STRINGS_H
| # include <strings.h>
| #endif
| #ifdef HAVE_INTTYPES_H
| # include <inttypes.h>
| #endif
| #ifdef HAVE_STDINT_H
| # include <stdint.h>
| #endif
| #ifdef HAVE_UNISTD_H
| # include <unistd.h>
| #endif
| int
| main ()
| {
| static int test_array [1 - 2 * !((int8_t) ((((int8_t) 1 << (8 - 2)) - 1) * 2 + 1)
| 	         < (int8_t) ((((int8_t) 1 << (8 - 2)) - 1) * 2 + 2))];
| test_array [0] = 0
| 
|   ;
|   return 0;
| }
configure:9961: result: yes
configure:9974: checking for int16_t
configure:10005: gcc -c -DINET6 -g -O2  conftest.c >&5
configure:10011: $? = 0
configure:10040: gcc -c -DINET6 -g -O2  conftest.c >&5
conftest.c: In function 'main':
conftest.c:101:12: error: size of array 'test_array' is negative
configure:10046: $? = 1
configure: failed program was:
| /* confdefs.h.  */
| #define PACKAGE_NAME ""
| #define PACKAGE_TARNAME ""
| #define PACKAGE_VERSION ""
| #define PACKAGE_STRING ""
| #define PACKAGE_BUGREPORT ""
| #define inline inline
| #define HAVE___ATTRIBUTE__ 1
| #define __ATTRIBUTE___NORETURN_OK_FOR_FUNCTION_POINTERS 1
| #define __ATTRIBUTE___FORMAT_OK 1
| #define __ATTRIBUTE___FORMAT_OK_FOR_FUNCTION_POINTERS 1
| #define STDC_HEADERS 1
| #define HAVE_SYS_TYPES_H 1
| #define HAVE_SYS_STAT_H 1
| #define HAVE_STDLIB_H 1
| #define HAVE_STRING_H 1
| #define HAVE_MEMORY_H 1
| #define HAVE_STRINGS_H 1
| #define HAVE_INTTYPES_H 1
| #define HAVE_STDINT_H 1
| #define HAVE_UNISTD_H 1
| #define HAVE_FCNTL_H 1
| #define HAVE_RPC_RPC_H 1
| #define HAVE_NETINET_IF_ETHER_H 1
| #define TIME_WITH_SYS_TIME 1
| #define TCPDUMP_DO_SMB 1
| #define INET6 1
| #define HAVE_GETNAMEINFO 1
| #define HAVE_ADDRINFO 1
| #define HAVE_SOCKADDR_STORAGE 1
| #define HAVE_VFPRINTF 1
| #define HAVE_STRCASECMP 1
| #define HAVE_STRDUP 1
| #define HAVE_STRSEP 1
| #define HAVE_FORK 1
| #define HAVE_VFORK 1
| #define HAVE_STRFTIME 1
| #define HAVE_SETLINEBUF 1
| #define HAVE_ALARM 1
| #define HAVE_VSNPRINTF 1
| #define HAVE_SNPRINTF 1
| #define RETSIGTYPE void
| #define RETSIGVAL
| #define HAVE_SIGACTION 1
| #define HAVE_GETRPCBYNUMBER 1
| #define HAVE_PCAP_LIST_DATALINKS 1
| #define HAVE_PCAP_SET_DATALINK 1
| #define HAVE_PCAP_DATALINK_NAME_TO_VAL 1
| #define HAVE_PCAP_DATALINK_VAL_TO_DESCRIPTION 1
| #define HAVE_PCAP_BREAKLOOP 1
| #define HAVE_PCAP_DUMP_FTELL 1
| #define HAVE_ETHER_NTOHOST 1
| #define USE_ETHER_NTOHOST 1
| #define HAVE_NETINET_ETHER_H 1
| #define NETINET_ETHER_H_DECLARES_ETHER_NTOHOST
| #define HAVE_DECL_ETHER_NTOHOST 1
| #define HAVE_PCAP_CREATE 1
| #define HAVE_PCAP_SET_TSTAMP_TYPE 1
| #define HAVE_PCAP_FINDALLDEVS 1
| #define HAVE_PCAP_DUMP_FLUSH 1
| #define HAVE_PCAP_LIB_VERSION 1
| #define HAVE_PCAP_IF_T 1
| #define HAVE_BPF_DUMP 1
| /* end confdefs.h.  */
| #include <stdio.h>
| #ifdef HAVE_SYS_TYPES_H
| # include <sys/types.h>
| #endif
| #ifdef HAVE_SYS_STAT_H
| # include <sys/stat.h>
| #endif
| #ifdef STDC_HEADERS
| # include <stdlib.h>
| # include <stddef.h>
| #else
| # ifdef HAVE_STDLIB_H
| #  include <stdlib.h>
| # endif
| #endif
| #ifdef HAVE_STRING_H
| # if !defined STDC_HEADERS && defined HAVE_MEMORY_H
| #  include <memory.h>
| # endif
| # include <string.h>
| #endif
| #ifdef HAVE_STRINGS_H
| # include <strings.h>
| #endif
| #ifdef HAVE_INTTYPES_H
| # include <inttypes.h>
| #endif
| #ifdef HAVE_STDINT_H
| # include <stdint.h>
| #endif
| #ifdef HAVE_UNISTD_H
| # include <unistd.h>
| #endif
| int
| main ()
| {
| static int test_array [1 - 2 * !((int16_t) ((((int16_t) 1 << (16 - 2)) - 1) * 2 + 1)
| 	         < (int16_t) ((((int16_t) 1 << (16 - 2)) - 1) * 2 + 2))];
| test_array [0] = 0
| 
|   ;
|   return 0;
| }
configure:10075: result: yes
configure:10088: checking for int32_t
configure:10119: gcc -c -DINET6 -g -O2  conftest.c >&5
configure:10125: $? = 0
configure:10154: gcc -c -DINET6 -g -O2  conftest.c >&5
conftest.c: In function 'main':
conftest.c:102:60: warning: integer overflow in expression [-Woverflow]
conftest.c:101:12: error: storage size of 'test_array' isn't constant
configure:10160: $? = 1
configure: failed program was:
| /* confdefs.h.  */
| #define PACKAGE_NAME ""
| #define PACKAGE_TARNAME ""
| #define PACKAGE_VERSION ""
| #define PACKAGE_STRING ""
| #define PACKAGE_BUGREPORT ""
| #define inline inline
| #define HAVE___ATTRIBUTE__ 1
| #define __ATTRIBUTE___NORETURN_OK_FOR_FUNCTION_POINTERS 1
| #define __ATTRIBUTE___FORMAT_OK 1
| #define __ATTRIBUTE___FORMAT_OK_FOR_FUNCTION_POINTERS 1
| #define STDC_HEADERS 1
| #define HAVE_SYS_TYPES_H 1
| #define HAVE_SYS_STAT_H 1
| #define HAVE_STDLIB_H 1
| #define HAVE_STRING_H 1
| #define HAVE_MEMORY_H 1
| #define HAVE_STRINGS_H 1
| #define HAVE_INTTYPES_H 1
| #define HAVE_STDINT_H 1
| #define HAVE_UNISTD_H 1
| #define HAVE_FCNTL_H 1
| #define HAVE_RPC_RPC_H 1
| #define HAVE_NETINET_IF_ETHER_H 1
| #define TIME_WITH_SYS_TIME 1
| #define TCPDUMP_DO_SMB 1
| #define INET6 1
| #define HAVE_GETNAMEINFO 1
| #define HAVE_ADDRINFO 1
| #define HAVE_SOCKADDR_STORAGE 1
| #define HAVE_VFPRINTF 1
| #define HAVE_STRCASECMP 1
| #define HAVE_STRDUP 1
| #define HAVE_STRSEP 1
| #define HAVE_FORK 1
| #define HAVE_VFORK 1
| #define HAVE_STRFTIME 1
| #define HAVE_SETLINEBUF 1
| #define HAVE_ALARM 1
| #define HAVE_VSNPRINTF 1
| #define HAVE_SNPRINTF 1
| #define RETSIGTYPE void
| #define RETSIGVAL
| #define HAVE_SIGACTION 1
| #define HAVE_GETRPCBYNUMBER 1
| #define HAVE_PCAP_LIST_DATALINKS 1
| #define HAVE_PCAP_SET_DATALINK 1
| #define HAVE_PCAP_DATALINK_NAME_TO_VAL 1
| #define HAVE_PCAP_DATALINK_VAL_TO_DESCRIPTION 1
| #define HAVE_PCAP_BREAKLOOP 1
| #define HAVE_PCAP_DUMP_FTELL 1
| #define HAVE_ETHER_NTOHOST 1
| #define USE_ETHER_NTOHOST 1
| #define HAVE_NETINET_ETHER_H 1
| #define NETINET_ETHER_H_DECLARES_ETHER_NTOHOST
| #define HAVE_DECL_ETHER_NTOHOST 1
| #define HAVE_PCAP_CREATE 1
| #define HAVE_PCAP_SET_TSTAMP_TYPE 1
| #define HAVE_PCAP_FINDALLDEVS 1
| #define HAVE_PCAP_DUMP_FLUSH 1
| #define HAVE_PCAP_LIB_VERSION 1
| #define HAVE_PCAP_IF_T 1
| #define HAVE_BPF_DUMP 1
| /* end confdefs.h.  */
| #include <stdio.h>
| #ifdef HAVE_SYS_TYPES_H
| # include <sys/types.h>
| #endif
| #ifdef HAVE_SYS_STAT_H
| # include <sys/stat.h>
| #endif
| #ifdef STDC_HEADERS
| # include <stdlib.h>
| # include <stddef.h>
| #else
| # ifdef HAVE_STDLIB_H
| #  include <stdlib.h>
| # endif
| #endif
| #ifdef HAVE_STRING_H
| # if !defined STDC_HEADERS && defined HAVE_MEMORY_H
| #  include <memory.h>
| # endif
| # include <string.h>
| #endif
| #ifdef HAVE_STRINGS_H
| # include <strings.h>
| #endif
| #ifdef HAVE_INTTYPES_H
| # include <inttypes.h>
| #endif
| #ifdef HAVE_STDINT_H
| # include <stdint.h>
| #endif
| #ifdef HAVE_UNISTD_H
| # include <unistd.h>
| #endif
| int
| main ()
| {
| static int test_array [1 - 2 * !((int32_t) ((((int32_t) 1 << (32 - 2)) - 1) * 2 + 1)
| 	         < (int32_t) ((((int32_t) 1 << (32 - 2)) - 1) * 2 + 2))];
| test_array [0] = 0
| 
|   ;
|   return 0;
| }
configure:10189: result: yes
configure:10202: checking for int64_t
configure:10233: gcc -c -DINET6 -g -O2  conftest.c >&5
configure:10239: $? = 0
configure:10268: gcc -c -DINET6 -g -O2  conftest.c >&5
conftest.c: In function 'main':
conftest.c:102:60: warning: integer overflow in expression [-Woverflow]
conftest.c:101:12: error: storage size of 'test_array' isn't constant
configure:10274: $? = 1
configure: failed program was:
| /* confdefs.h.  */
| #define PACKAGE_NAME ""
| #define PACKAGE_TARNAME ""
| #define PACKAGE_VERSION ""
| #define PACKAGE_STRING ""
| #define PACKAGE_BUGREPORT ""
| #define inline inline
| #define HAVE___ATTRIBUTE__ 1
| #define __ATTRIBUTE___NORETURN_OK_FOR_FUNCTION_POINTERS 1
| #define __ATTRIBUTE___FORMAT_OK 1
| #define __ATTRIBUTE___FORMAT_OK_FOR_FUNCTION_POINTERS 1
| #define STDC_HEADERS 1
| #define HAVE_SYS_TYPES_H 1
| #define HAVE_SYS_STAT_H 1
| #define HAVE_STDLIB_H 1
| #define HAVE_STRING_H 1
| #define HAVE_MEMORY_H 1
| #define HAVE_STRINGS_H 1
| #define HAVE_INTTYPES_H 1
| #define HAVE_STDINT_H 1
| #define HAVE_UNISTD_H 1
| #define HAVE_FCNTL_H 1
| #define HAVE_RPC_RPC_H 1
| #define HAVE_NETINET_IF_ETHER_H 1
| #define TIME_WITH_SYS_TIME 1
| #define TCPDUMP_DO_SMB 1
| #define INET6 1
| #define HAVE_GETNAMEINFO 1
| #define HAVE_ADDRINFO 1
| #define HAVE_SOCKADDR_STORAGE 1
| #define HAVE_VFPRINTF 1
| #define HAVE_STRCASECMP 1
| #define HAVE_STRDUP 1
| #define HAVE_STRSEP 1
| #define HAVE_FORK 1
| #define HAVE_VFORK 1
| #define HAVE_STRFTIME 1
| #define HAVE_SETLINEBUF 1
| #define HAVE_ALARM 1
| #define HAVE_VSNPRINTF 1
| #define HAVE_SNPRINTF 1
| #define RETSIGTYPE void
| #define RETSIGVAL
| #define HAVE_SIGACTION 1
| #define HAVE_GETRPCBYNUMBER 1
| #define HAVE_PCAP_LIST_DATALINKS 1
| #define HAVE_PCAP_SET_DATALINK 1
| #define HAVE_PCAP_DATALINK_NAME_TO_VAL 1
| #define HAVE_PCAP_DATALINK_VAL_TO_DESCRIPTION 1
| #define HAVE_PCAP_BREAKLOOP 1
| #define HAVE_PCAP_DUMP_FTELL 1
| #define HAVE_ETHER_NTOHOST 1
| #define USE_ETHER_NTOHOST 1
| #define HAVE_NETINET_ETHER_H 1
| #define NETINET_ETHER_H_DECLARES_ETHER_NTOHOST
| #define HAVE_DECL_ETHER_NTOHOST 1
| #define HAVE_PCAP_CREATE 1
| #define HAVE_PCAP_SET_TSTAMP_TYPE 1
| #define HAVE_PCAP_FINDALLDEVS 1
| #define HAVE_PCAP_DUMP_FLUSH 1
| #define HAVE_PCAP_LIB_VERSION 1
| #define HAVE_PCAP_IF_T 1
| #define HAVE_BPF_DUMP 1
| /* end confdefs.h.  */
| #include <stdio.h>
| #ifdef HAVE_SYS_TYPES_H
| # include <sys/types.h>
| #endif
| #ifdef HAVE_SYS_STAT_H
| # include <sys/stat.h>
| #endif
| #ifdef STDC_HEADERS
| # include <stdlib.h>
| # include <stddef.h>
| #else
| # ifdef HAVE_STDLIB_H
| #  include <stdlib.h>
| # endif
| #endif
| #ifdef HAVE_STRING_H
| # if !defined STDC_HEADERS && defined HAVE_MEMORY_H
| #  include <memory.h>
| # endif
| # include <string.h>
| #endif
| #ifdef HAVE_STRINGS_H
| # include <strings.h>
| #endif
| #ifdef HAVE_INTTYPES_H
| # include <inttypes.h>
| #endif
| #ifdef HAVE_STDINT_H
| # include <stdint.h>
| #endif
| #ifdef HAVE_UNISTD_H
| # include <unistd.h>
| #endif
| int
| main ()
| {
| static int test_array [1 - 2 * !((int64_t) ((((int64_t) 1 << (64 - 2)) - 1) * 2 + 1)
| 	         < (int64_t) ((((int64_t) 1 << (64 - 2)) - 1) * 2 + 2))];
| test_array [0] = 0
| 
|   ;
|   return 0;
| }
configure:10303: result: yes
configure:10316: checking for uint8_t
configure:10347: gcc -c -DINET6 -g -O2  conftest.c >&5
configure:10353: $? = 0
configure:10374: result: yes
configure:10392: checking for uint16_t
configure:10423: gcc -c -DINET6 -g -O2  conftest.c >&5
configure:10429: $? = 0
configure:10450: result: yes
configure:10464: checking for uint32_t
configure:10495: gcc -c -DINET6 -g -O2  conftest.c >&5
configure:10501: $? = 0
configure:10522: result: yes
configure:10540: checking for uint64_t
configure:10571: gcc -c -DINET6 -g -O2  conftest.c >&5
configure:10577: $? = 0
configure:10598: result: yes
configure:10637: checking sys/bitypes.h usability
configure:10654: gcc -c -DINET6 -g -O2  conftest.c >&5
configure:10660: $? = 0
configure:10674: result: yes
configure:10678: checking sys/bitypes.h presence
configure:10693: gcc -E  conftest.c
configure:10699: $? = 0
configure:10713: result: yes
configure:10741: checking for sys/bitypes.h
configure:10749: result: yes
configure:10763: checking for u_int8_t
configure:10797: gcc -c -DINET6 -g -O2  conftest.c >&5
configure:10803: $? = 0
configure:10818: result: yes
configure:10830: checking for u_int16_t
configure:10864: gcc -c -DINET6 -g -O2  conftest.c >&5
configure:10870: $? = 0
configure:10885: result: yes
configure:10897: checking for u_int32_t
configure:10931: gcc -c -DINET6 -g -O2  conftest.c >&5
configure:10937: $? = 0
configure:10952: result: yes
configure:10964: checking for u_int64_t
configure:10998: gcc -c -DINET6 -g -O2  conftest.c >&5
configure:11004: $? = 0
configure:11019: result: yes
configure:11040: checking for inttypes.h
configure:11046: result: yes
configure:11175: checking whether inttypes.h defines the PRI[doxu]64 macros
configure:11208: gcc -c -DINET6 -g -O2  conftest.c >&5
configure:11214: $? = 0
configure:11220: result: yes
configure:11676: checking for pcap/bluetooth.h
configure:11697: gcc -c -DINET6 -g -O2  -I/usr/include  conftest.c >&5
conftest.c:67:28: fatal error: tcpdump-stdinc.h: No such file or directory
compilation terminated.
configure:11703: $? = 1
configure: failed program was:
| /* confdefs.h.  */
| #define PACKAGE_NAME ""
| #define PACKAGE_TARNAME ""
| #define PACKAGE_VERSION ""
| #define PACKAGE_STRING ""
| #define PACKAGE_BUGREPORT ""
| #define inline inline
| #define HAVE___ATTRIBUTE__ 1
| #define __ATTRIBUTE___NORETURN_OK_FOR_FUNCTION_POINTERS 1
| #define __ATTRIBUTE___FORMAT_OK 1
| #define __ATTRIBUTE___FORMAT_OK_FOR_FUNCTION_POINTERS 1
| #define STDC_HEADERS 1
| #define HAVE_SYS_TYPES_H 1
| #define HAVE_SYS_STAT_H 1
| #define HAVE_STDLIB_H 1
| #define HAVE_STRING_H 1
| #define HAVE_MEMORY_H 1
| #define HAVE_STRINGS_H 1
| #define HAVE_INTTYPES_H 1
| #define HAVE_STDINT_H 1
| #define HAVE_UNISTD_H 1
| #define HAVE_FCNTL_H 1
| #define HAVE_RPC_RPC_H 1
| #define HAVE_NETINET_IF_ETHER_H 1
| #define TIME_WITH_SYS_TIME 1
| #define TCPDUMP_DO_SMB 1
| #define INET6 1
| #define HAVE_GETNAMEINFO 1
| #define HAVE_ADDRINFO 1
| #define HAVE_SOCKADDR_STORAGE 1
| #define HAVE_VFPRINTF 1
| #define HAVE_STRCASECMP 1
| #define HAVE_STRDUP 1
| #define HAVE_STRSEP 1
| #define HAVE_FORK 1
| #define HAVE_VFORK 1
| #define HAVE_STRFTIME 1
| #define HAVE_SETLINEBUF 1
| #define HAVE_ALARM 1
| #define HAVE_VSNPRINTF 1
| #define HAVE_SNPRINTF 1
| #define RETSIGTYPE void
| #define RETSIGVAL
| #define HAVE_SIGACTION 1
| #define HAVE_GETRPCBYNUMBER 1
| #define HAVE_PCAP_LIST_DATALINKS 1
| #define HAVE_PCAP_SET_DATALINK 1
| #define HAVE_PCAP_DATALINK_NAME_TO_VAL 1
| #define HAVE_PCAP_DATALINK_VAL_TO_DESCRIPTION 1
| #define HAVE_PCAP_BREAKLOOP 1
| #define HAVE_PCAP_DUMP_FTELL 1
| #define HAVE_ETHER_NTOHOST 1
| #define USE_ETHER_NTOHOST 1
| #define HAVE_NETINET_ETHER_H 1
| #define NETINET_ETHER_H_DECLARES_ETHER_NTOHOST
| #define HAVE_DECL_ETHER_NTOHOST 1
| #define HAVE_PCAP_CREATE 1
| #define HAVE_PCAP_SET_TSTAMP_TYPE 1
| #define HAVE_PCAP_FINDALLDEVS 1
| #define HAVE_PCAP_DUMP_FLUSH 1
| #define HAVE_PCAP_LIB_VERSION 1
| #define HAVE_PCAP_IF_T 1
| #define HAVE_BPF_DUMP 1
| #define HAVE_SYS_BITYPES_H 1
| #define HAVE_INTTYPES_H 1
| /* end confdefs.h.  */
| #include <tcpdump-stdinc.h>
| 
| #include <pcap/bluetooth.h>
configure:11719: result: no
configure:11734: checking for pcap/usb.h
configure:11755: gcc -c -DINET6 -g -O2  -I/usr/include  conftest.c >&5
conftest.c:67:28: fatal error: tcpdump-stdinc.h: No such file or directory
compilation terminated.
configure:11761: $? = 1
configure: failed program was:
| /* confdefs.h.  */
| #define PACKAGE_NAME ""
| #define PACKAGE_TARNAME ""
| #define PACKAGE_VERSION ""
| #define PACKAGE_STRING ""
| #define PACKAGE_BUGREPORT ""
| #define inline inline
| #define HAVE___ATTRIBUTE__ 1
| #define __ATTRIBUTE___NORETURN_OK_FOR_FUNCTION_POINTERS 1
| #define __ATTRIBUTE___FORMAT_OK 1
| #define __ATTRIBUTE___FORMAT_OK_FOR_FUNCTION_POINTERS 1
| #define STDC_HEADERS 1
| #define HAVE_SYS_TYPES_H 1
| #define HAVE_SYS_STAT_H 1
| #define HAVE_STDLIB_H 1
| #define HAVE_STRING_H 1
| #define HAVE_MEMORY_H 1
| #define HAVE_STRINGS_H 1
| #define HAVE_INTTYPES_H 1
| #define HAVE_STDINT_H 1
| #define HAVE_UNISTD_H 1
| #define HAVE_FCNTL_H 1
| #define HAVE_RPC_RPC_H 1
| #define HAVE_NETINET_IF_ETHER_H 1
| #define TIME_WITH_SYS_TIME 1
| #define TCPDUMP_DO_SMB 1
| #define INET6 1
| #define HAVE_GETNAMEINFO 1
| #define HAVE_ADDRINFO 1
| #define HAVE_SOCKADDR_STORAGE 1
| #define HAVE_VFPRINTF 1
| #define HAVE_STRCASECMP 1
| #define HAVE_STRDUP 1
| #define HAVE_STRSEP 1
| #define HAVE_FORK 1
| #define HAVE_VFORK 1
| #define HAVE_STRFTIME 1
| #define HAVE_SETLINEBUF 1
| #define HAVE_ALARM 1
| #define HAVE_VSNPRINTF 1
| #define HAVE_SNPRINTF 1
| #define RETSIGTYPE void
| #define RETSIGVAL
| #define HAVE_SIGACTION 1
| #define HAVE_GETRPCBYNUMBER 1
| #define HAVE_PCAP_LIST_DATALINKS 1
| #define HAVE_PCAP_SET_DATALINK 1
| #define HAVE_PCAP_DATALINK_NAME_TO_VAL 1
| #define HAVE_PCAP_DATALINK_VAL_TO_DESCRIPTION 1
| #define HAVE_PCAP_BREAKLOOP 1
| #define HAVE_PCAP_DUMP_FTELL 1
| #define HAVE_ETHER_NTOHOST 1
| #define USE_ETHER_NTOHOST 1
| #define HAVE_NETINET_ETHER_H 1
| #define NETINET_ETHER_H_DECLARES_ETHER_NTOHOST
| #define HAVE_DECL_ETHER_NTOHOST 1
| #define HAVE_PCAP_CREATE 1
| #define HAVE_PCAP_SET_TSTAMP_TYPE 1
| #define HAVE_PCAP_FINDALLDEVS 1
| #define HAVE_PCAP_DUMP_FLUSH 1
| #define HAVE_PCAP_LIB_VERSION 1
| #define HAVE_PCAP_IF_T 1
| #define HAVE_BPF_DUMP 1
| #define HAVE_SYS_BITYPES_H 1
| #define HAVE_INTTYPES_H 1
| /* end confdefs.h.  */
| #include <tcpdump-stdinc.h>
| 
| #include <pcap/usb.h>
configure:11777: result: no
configure:11833: checking for ranlib
configure:11849: found /usr/bin/ranlib
configure:11860: result: ranlib
configure:12428: checking if sockaddr struct has the sa_len member
configure:12456: gcc -c -DINET6 -g -O2  conftest.c >&5
conftest.c: In function 'main':
conftest.c:73:40: error: 'struct sockaddr' has no member named 'sa_len'
configure:12462: $? = 1
configure: failed program was:
| /* confdefs.h.  */
| #define PACKAGE_NAME ""
| #define PACKAGE_TARNAME ""
| #define PACKAGE_VERSION ""
| #define PACKAGE_STRING ""
| #define PACKAGE_BUGREPORT ""
| #define inline inline
| #define HAVE___ATTRIBUTE__ 1
| #define __ATTRIBUTE___NORETURN_OK_FOR_FUNCTION_POINTERS 1
| #define __ATTRIBUTE___FORMAT_OK 1
| #define __ATTRIBUTE___FORMAT_OK_FOR_FUNCTION_POINTERS 1
| #define STDC_HEADERS 1
| #define HAVE_SYS_TYPES_H 1
| #define HAVE_SYS_STAT_H 1
| #define HAVE_STDLIB_H 1
| #define HAVE_STRING_H 1
| #define HAVE_MEMORY_H 1
| #define HAVE_STRINGS_H 1
| #define HAVE_INTTYPES_H 1
| #define HAVE_STDINT_H 1
| #define HAVE_UNISTD_H 1
| #define HAVE_FCNTL_H 1
| #define HAVE_RPC_RPC_H 1
| #define HAVE_NETINET_IF_ETHER_H 1
| #define TIME_WITH_SYS_TIME 1
| #define TCPDUMP_DO_SMB 1
| #define INET6 1
| #define HAVE_GETNAMEINFO 1
| #define HAVE_ADDRINFO 1
| #define HAVE_SOCKADDR_STORAGE 1
| #define HAVE_VFPRINTF 1
| #define HAVE_STRCASECMP 1
| #define HAVE_STRDUP 1
| #define HAVE_STRSEP 1
| #define HAVE_FORK 1
| #define HAVE_VFORK 1
| #define HAVE_STRFTIME 1
| #define HAVE_SETLINEBUF 1
| #define HAVE_ALARM 1
| #define HAVE_VSNPRINTF 1
| #define HAVE_SNPRINTF 1
| #define RETSIGTYPE void
| #define RETSIGVAL
| #define HAVE_SIGACTION 1
| #define HAVE_GETRPCBYNUMBER 1
| #define HAVE_PCAP_LIST_DATALINKS 1
| #define HAVE_PCAP_SET_DATALINK 1
| #define HAVE_PCAP_DATALINK_NAME_TO_VAL 1
| #define HAVE_PCAP_DATALINK_VAL_TO_DESCRIPTION 1
| #define HAVE_PCAP_BREAKLOOP 1
| #define HAVE_PCAP_DUMP_FTELL 1
| #define HAVE_ETHER_NTOHOST 1
| #define USE_ETHER_NTOHOST 1
| #define HAVE_NETINET_ETHER_H 1
| #define NETINET_ETHER_H_DECLARES_ETHER_NTOHOST
| #define HAVE_DECL_ETHER_NTOHOST 1
| #define HAVE_PCAP_CREATE 1
| #define HAVE_PCAP_SET_TSTAMP_TYPE 1
| #define HAVE_PCAP_FINDALLDEVS 1
| #define HAVE_PCAP_DUMP_FLUSH 1
| #define HAVE_PCAP_LIB_VERSION 1
| #define HAVE_PCAP_IF_T 1
| #define HAVE_BPF_DUMP 1
| #define HAVE_SYS_BITYPES_H 1
| #define HAVE_INTTYPES_H 1
| /* end confdefs.h.  */
| 
| #	include <sys/types.h>
| #	include <sys/socket.h>
| int
| main ()
| {
| u_int i = sizeof(((struct sockaddr *)0)->sa_len)
|   ;
|   return 0;
| }
configure:12478: result: no
configure:12488: checking if unaligned accesses fail
configure:12575: result: no
configure:12586: checking for h_errno
configure:12614: gcc -c -DINET6 -g -O2  conftest.c >&5
configure:12620: $? = 0
configure:12636: result: yes
configure:12648: checking whether to use OpenSSL libcrypto
configure:12674: result: yes, if available
configure:12681: checking for DES_cbc_encrypt in -lcrypto
configure:12716: gcc -o conftest -DINET6 -g -O2   conftest.c -lcrypto  -L/usr/lib/i386-linux-gnu  -lpcap  >&5
/usr/bin/ld: cannot find -lcrypto
collect2: error: ld returned 1 exit status
configure:12722: $? = 1
configure: failed program was:
| /* confdefs.h.  */
| #define PACKAGE_NAME ""
| #define PACKAGE_TARNAME ""
| #define PACKAGE_VERSION ""
| #define PACKAGE_STRING ""
| #define PACKAGE_BUGREPORT ""
| #define inline inline
| #define HAVE___ATTRIBUTE__ 1
| #define __ATTRIBUTE___NORETURN_OK_FOR_FUNCTION_POINTERS 1
| #define __ATTRIBUTE___FORMAT_OK 1
| #define __ATTRIBUTE___FORMAT_OK_FOR_FUNCTION_POINTERS 1
| #define STDC_HEADERS 1
| #define HAVE_SYS_TYPES_H 1
| #define HAVE_SYS_STAT_H 1
| #define HAVE_STDLIB_H 1
| #define HAVE_STRING_H 1
| #define HAVE_MEMORY_H 1
| #define HAVE_STRINGS_H 1
| #define HAVE_INTTYPES_H 1
| #define HAVE_STDINT_H 1
| #define HAVE_UNISTD_H 1
| #define HAVE_FCNTL_H 1
| #define HAVE_RPC_RPC_H 1
| #define HAVE_NETINET_IF_ETHER_H 1
| #define TIME_WITH_SYS_TIME 1
| #define TCPDUMP_DO_SMB 1
| #define INET6 1
| #define HAVE_GETNAMEINFO 1
| #define HAVE_ADDRINFO 1
| #define HAVE_SOCKADDR_STORAGE 1
| #define HAVE_VFPRINTF 1
| #define HAVE_STRCASECMP 1
| #define HAVE_STRDUP 1
| #define HAVE_STRSEP 1
| #define HAVE_FORK 1
| #define HAVE_VFORK 1
| #define HAVE_STRFTIME 1
| #define HAVE_SETLINEBUF 1
| #define HAVE_ALARM 1
| #define HAVE_VSNPRINTF 1
| #define HAVE_SNPRINTF 1
| #define RETSIGTYPE void
| #define RETSIGVAL
| #define HAVE_SIGACTION 1
| #define HAVE_GETRPCBYNUMBER 1
| #define HAVE_PCAP_LIST_DATALINKS 1
| #define HAVE_PCAP_SET_DATALINK 1
| #define HAVE_PCAP_DATALINK_NAME_TO_VAL 1
| #define HAVE_PCAP_DATALINK_VAL_TO_DESCRIPTION 1
| #define HAVE_PCAP_BREAKLOOP 1
| #define HAVE_PCAP_DUMP_FTELL 1
| #define HAVE_ETHER_NTOHOST 1
| #define USE_ETHER_NTOHOST 1
| #define HAVE_NETINET_ETHER_H 1
| #define NETINET_ETHER_H_DECLARES_ETHER_NTOHOST
| #define HAVE_DECL_ETHER_NTOHOST 1
| #define HAVE_PCAP_CREATE 1
| #define HAVE_PCAP_SET_TSTAMP_TYPE 1
| #define HAVE_PCAP_FINDALLDEVS 1
| #define HAVE_PCAP_DUMP_FLUSH 1
| #define HAVE_PCAP_LIB_VERSION 1
| #define HAVE_PCAP_IF_T 1
| #define HAVE_BPF_DUMP 1
| #define HAVE_SYS_BITYPES_H 1
| #define HAVE_INTTYPES_H 1
| #define HAVE_H_ERRNO 1
| /* end confdefs.h.  */
| 
| /* Override any GCC internal prototype to avoid an error.
|    Use char because int might match the return type of a GCC
|    builtin and then its argument prototype would still apply.  */
| #ifdef __cplusplus
| extern "C"
| #endif
| char DES_cbc_encrypt ();
| int
| main ()
| {
| return DES_cbc_encrypt ();
|   ;
|   return 0;
| }
configure:12740: result: no
configure:12766: checking openssl/evp.h usability
configure:12783: gcc -c -DINET6 -g -O2  conftest.c >&5
conftest.c:101:25: fatal error: openssl/evp.h: No such file or directory
compilation terminated.
configure:12789: $? = 1
configure: failed program was:
| /* confdefs.h.  */
| #define PACKAGE_NAME ""
| #define PACKAGE_TARNAME ""
| #define PACKAGE_VERSION ""
| #define PACKAGE_STRING ""
| #define PACKAGE_BUGREPORT ""
| #define inline inline
| #define HAVE___ATTRIBUTE__ 1
| #define __ATTRIBUTE___NORETURN_OK_FOR_FUNCTION_POINTERS 1
| #define __ATTRIBUTE___FORMAT_OK 1
| #define __ATTRIBUTE___FORMAT_OK_FOR_FUNCTION_POINTERS 1
| #define STDC_HEADERS 1
| #define HAVE_SYS_TYPES_H 1
| #define HAVE_SYS_STAT_H 1
| #define HAVE_STDLIB_H 1
| #define HAVE_STRING_H 1
| #define HAVE_MEMORY_H 1
| #define HAVE_STRINGS_H 1
| #define HAVE_INTTYPES_H 1
| #define HAVE_STDINT_H 1
| #define HAVE_UNISTD_H 1
| #define HAVE_FCNTL_H 1
| #define HAVE_RPC_RPC_H 1
| #define HAVE_NETINET_IF_ETHER_H 1
| #define TIME_WITH_SYS_TIME 1
| #define TCPDUMP_DO_SMB 1
| #define INET6 1
| #define HAVE_GETNAMEINFO 1
| #define HAVE_ADDRINFO 1
| #define HAVE_SOCKADDR_STORAGE 1
| #define HAVE_VFPRINTF 1
| #define HAVE_STRCASECMP 1
| #define HAVE_STRDUP 1
| #define HAVE_STRSEP 1
| #define HAVE_FORK 1
| #define HAVE_VFORK 1
| #define HAVE_STRFTIME 1
| #define HAVE_SETLINEBUF 1
| #define HAVE_ALARM 1
| #define HAVE_VSNPRINTF 1
| #define HAVE_SNPRINTF 1
| #define RETSIGTYPE void
| #define RETSIGVAL
| #define HAVE_SIGACTION 1
| #define HAVE_GETRPCBYNUMBER 1
| #define HAVE_PCAP_LIST_DATALINKS 1
| #define HAVE_PCAP_SET_DATALINK 1
| #define HAVE_PCAP_DATALINK_NAME_TO_VAL 1
| #define HAVE_PCAP_DATALINK_VAL_TO_DESCRIPTION 1
| #define HAVE_PCAP_BREAKLOOP 1
| #define HAVE_PCAP_DUMP_FTELL 1
| #define HAVE_ETHER_NTOHOST 1
| #define USE_ETHER_NTOHOST 1
| #define HAVE_NETINET_ETHER_H 1
| #define NETINET_ETHER_H_DECLARES_ETHER_NTOHOST
| #define HAVE_DECL_ETHER_NTOHOST 1
| #define HAVE_PCAP_CREATE 1
| #define HAVE_PCAP_SET_TSTAMP_TYPE 1
| #define HAVE_PCAP_FINDALLDEVS 1
| #define HAVE_PCAP_DUMP_FLUSH 1
| #define HAVE_PCAP_LIB_VERSION 1
| #define HAVE_PCAP_IF_T 1
| #define HAVE_BPF_DUMP 1
| #define HAVE_SYS_BITYPES_H 1
| #define HAVE_INTTYPES_H 1
| #define HAVE_H_ERRNO 1
| /* end confdefs.h.  */
| #include <stdio.h>
| #ifdef HAVE_SYS_TYPES_H
| # include <sys/types.h>
| #endif
| #ifdef HAVE_SYS_STAT_H
| # include <sys/stat.h>
| #endif
| #ifdef STDC_HEADERS
| # include <stdlib.h>
| # include <stddef.h>
| #else
| # ifdef HAVE_STDLIB_H
| #  include <stdlib.h>
| # endif
| #endif
| #ifdef HAVE_STRING_H
| # if !defined STDC_HEADERS && defined HAVE_MEMORY_H
| #  include <memory.h>
| # endif
| # include <string.h>
| #endif
| #ifdef HAVE_STRINGS_H
| # include <strings.h>
| #endif
| #ifdef HAVE_INTTYPES_H
| # include <inttypes.h>
| #endif
| #ifdef HAVE_STDINT_H
| # include <stdint.h>
| #endif
| #ifdef HAVE_UNISTD_H
| # include <unistd.h>
| #endif
| #include <openssl/evp.h>
configure:12803: result: no
configure:12807: checking openssl/evp.h presence
configure:12822: gcc -E  conftest.c
conftest.c:68:25: fatal error: openssl/evp.h: No such file or directory
compilation terminated.
configure:12828: $? = 1
configure: failed program was:
| /* confdefs.h.  */
| #define PACKAGE_NAME ""
| #define PACKAGE_TARNAME ""
| #define PACKAGE_VERSION ""
| #define PACKAGE_STRING ""
| #define PACKAGE_BUGREPORT ""
| #define inline inline
| #define HAVE___ATTRIBUTE__ 1
| #define __ATTRIBUTE___NORETURN_OK_FOR_FUNCTION_POINTERS 1
| #define __ATTRIBUTE___FORMAT_OK 1
| #define __ATTRIBUTE___FORMAT_OK_FOR_FUNCTION_POINTERS 1
| #define STDC_HEADERS 1
| #define HAVE_SYS_TYPES_H 1
| #define HAVE_SYS_STAT_H 1
| #define HAVE_STDLIB_H 1
| #define HAVE_STRING_H 1
| #define HAVE_MEMORY_H 1
| #define HAVE_STRINGS_H 1
| #define HAVE_INTTYPES_H 1
| #define HAVE_STDINT_H 1
| #define HAVE_UNISTD_H 1
| #define HAVE_FCNTL_H 1
| #define HAVE_RPC_RPC_H 1
| #define HAVE_NETINET_IF_ETHER_H 1
| #define TIME_WITH_SYS_TIME 1
| #define TCPDUMP_DO_SMB 1
| #define INET6 1
| #define HAVE_GETNAMEINFO 1
| #define HAVE_ADDRINFO 1
| #define HAVE_SOCKADDR_STORAGE 1
| #define HAVE_VFPRINTF 1
| #define HAVE_STRCASECMP 1
| #define HAVE_STRDUP 1
| #define HAVE_STRSEP 1
| #define HAVE_FORK 1
| #define HAVE_VFORK 1
| #define HAVE_STRFTIME 1
| #define HAVE_SETLINEBUF 1
| #define HAVE_ALARM 1
| #define HAVE_VSNPRINTF 1
| #define HAVE_SNPRINTF 1
| #define RETSIGTYPE void
| #define RETSIGVAL
| #define HAVE_SIGACTION 1
| #define HAVE_GETRPCBYNUMBER 1
| #define HAVE_PCAP_LIST_DATALINKS 1
| #define HAVE_PCAP_SET_DATALINK 1
| #define HAVE_PCAP_DATALINK_NAME_TO_VAL 1
| #define HAVE_PCAP_DATALINK_VAL_TO_DESCRIPTION 1
| #define HAVE_PCAP_BREAKLOOP 1
| #define HAVE_PCAP_DUMP_FTELL 1
| #define HAVE_ETHER_NTOHOST 1
| #define USE_ETHER_NTOHOST 1
| #define HAVE_NETINET_ETHER_H 1
| #define NETINET_ETHER_H_DECLARES_ETHER_NTOHOST
| #define HAVE_DECL_ETHER_NTOHOST 1
| #define HAVE_PCAP_CREATE 1
| #define HAVE_PCAP_SET_TSTAMP_TYPE 1
| #define HAVE_PCAP_FINDALLDEVS 1
| #define HAVE_PCAP_DUMP_FLUSH 1
| #define HAVE_PCAP_LIB_VERSION 1
| #define HAVE_PCAP_IF_T 1
| #define HAVE_BPF_DUMP 1
| #define HAVE_SYS_BITYPES_H 1
| #define HAVE_INTTYPES_H 1
| #define HAVE_H_ERRNO 1
| /* end confdefs.h.  */
| #include <openssl/evp.h>
configure:12842: result: no
configure:12870: checking for openssl/evp.h
configure:12878: result: no
configure:12920: checking for a BSD-compatible install
configure:12976: result: /usr/bin/install -c
configure:13095: creating ./config.status

## ---------------------- ##
## Running config.status. ##
## ---------------------- ##

This file was extended by config.status, which was
generated by GNU Autoconf 2.61.  Invocation command line was

  CONFIG_FILES    = 
  CONFIG_HEADERS  = 
  CONFIG_LINKS    = 
  CONFIG_COMMANDS = 
  $ ./config.status 

on xxha-PAF4

config.status:628: creating Makefile
config.status:628: creating tcpdump.1
config.status:628: creating config.h
config.status:904: config.h is unchanged
config.status:917: executing default-1 commands

## ---------------- ##
## Cache variables. ##
## ---------------- ##

ac_cv___attribute__=yes
ac_cv___attribute___format=yes
ac_cv___attribute___format_function_pointer=yes
ac_cv___attribute___noreturn_function_pointer=yes
ac_cv___attribute___unused=yes
ac_cv_addrinfo=yes
ac_cv_buggy_ether_ntohost=no
ac_cv_build=i686-pc-linux-gnu
ac_cv_c_compiler_gnu=yes
ac_cv_c_int16_t=yes
ac_cv_c_int32_t=yes
ac_cv_c_int64_t=yes
ac_cv_c_int8_t=yes
ac_cv_c_uint16_t=yes
ac_cv_c_uint32_t=yes
ac_cv_c_uint64_t=yes
ac_cv_c_uint8_t=yes
ac_cv_env_CC_set=
ac_cv_env_CC_value=
ac_cv_env_CFLAGS_set=
ac_cv_env_CFLAGS_value=
ac_cv_env_CPPFLAGS_set=
ac_cv_env_CPPFLAGS_value=
ac_cv_env_CPP_set=
ac_cv_env_CPP_value=
ac_cv_env_LDFLAGS_set=
ac_cv_env_LDFLAGS_value=
ac_cv_env_LIBS_set=
ac_cv_env_LIBS_value=
ac_cv_env_build_alias_set=
ac_cv_env_build_alias_value=
ac_cv_env_host_alias_set=
ac_cv_env_host_alias_value=
ac_cv_env_target_alias_set=
ac_cv_env_target_alias_value=
ac_cv_func_alarm=yes
ac_cv_func_bpf_dump=yes
ac_cv_func_ether_ntohost=yes
ac_cv_func_fork=yes
ac_cv_func_getnameinfo=yes
ac_cv_func_pcap_breakloop=yes
ac_cv_func_pcap_create=yes
ac_cv_func_pcap_datalink_name_to_val=yes
ac_cv_func_pcap_datalink_val_to_description=yes
ac_cv_func_pcap_dump_flush=yes
ac_cv_func_pcap_dump_ftell=yes
ac_cv_func_pcap_findalldevs=yes
ac_cv_func_pcap_lib_version=yes
ac_cv_func_pcap_list_datalinks=yes
ac_cv_func_pcap_loop=yes
ac_cv_func_pcap_set_datalink=yes
ac_cv_func_pcap_set_tstamp_type=yes
ac_cv_func_setlinebuf=yes
ac_cv_func_sigaction=yes
ac_cv_func_snprintf=yes
ac_cv_func_strcasecmp=yes
ac_cv_func_strdup=yes
ac_cv_func_strftime=yes
ac_cv_func_strlcat=no
ac_cv_func_strlcpy=no
ac_cv_func_strsep=yes
ac_cv_func_vfork=yes
ac_cv_func_vfprintf=yes
ac_cv_func_vsnprintf=yes
ac_cv_have_decl_ether_ntohost=yes
ac_cv_header_fcntl_h=yes
ac_cv_header_inttypes_h=yes
ac_cv_header_memory_h=yes
ac_cv_header_net_pfvar_h=no
ac_cv_header_netdnet_dnetdb_h=no
ac_cv_header_netinet_ether_h=yes
ac_cv_header_netinet_if_ether_h=yes
ac_cv_header_openssl_evp_h=no
ac_cv_header_pcap_bluetooth_h=no
ac_cv_header_pcap_usb_h=no
ac_cv_header_rpc_rpc_h=yes
ac_cv_header_rpc_rpcent_h=no
ac_cv_header_smi_h=no
ac_cv_header_stdc=yes
ac_cv_header_stdint_h=yes
ac_cv_header_stdlib_h=yes
ac_cv_header_string_h=yes
ac_cv_header_strings_h=yes
ac_cv_header_sys_bitypes_h=yes
ac_cv_header_sys_stat_h=yes
ac_cv_header_sys_types_h=yes
ac_cv_header_time=yes
ac_cv_header_unistd_h=yes
ac_cv_host=i686-pc-linux-gnu
ac_cv_lbl_gcc_vers=4
ac_cv_lbl_inline=inline
ac_cv_lbl_sockaddr_has_sa_len=no
ac_cv_lbl_unaligned_fail=no
ac_cv_lib_crypto_DES_cbc_encrypt=no
ac_cv_lib_dlpi_dlpi_walk=no
ac_cv_lib_rpc_main=no
ac_cv_lib_smi_smiInit=no
ac_cv_linux_vers=3
ac_cv_maxserv=yes
ac_cv_namereqd=yes
ac_cv_objext=o
ac_cv_path_EGREP='/bin/grep -E'
ac_cv_path_GREP=/bin/grep
ac_cv_path_ac_pt_PCAP_CONFIG=/usr/bin/pcap-config
ac_cv_path_install='/usr/bin/install -c'
ac_cv_prog_CPP='gcc -E'
ac_cv_prog_ac_ct_CC=gcc
ac_cv_prog_ac_ct_RANLIB=ranlib
ac_cv_prog_cc_c89=
ac_cv_prog_cc_g=yes
ac_cv_sa_storage=yes
ac_cv_search_dnet_htoa=no
ac_cv_search_getaddrinfo='none required'
ac_cv_search_gethostbyname='none required'
ac_cv_search_getrpcbynumber='none required'
ac_cv_search_putmsg='none required'
ac_cv_search_socket='none required'
ac_cv_sockaddr_has_sa_len=no
ac_cv_type_pcap_if_t=yes
ac_cv_type_signal=void
ac_cv_type_u_int16_t=yes
ac_cv_type_u_int32_t=yes
ac_cv_type_u_int64_t=yes
ac_cv_type_u_int8_t=yes
ac_cv_var_h_errno=yes
ac_lbl_cv_pcap_debug_defined=no
ac_lbl_cv_yydebug_defined=no
td_cv_buggygetaddrinfo=no
td_cv_decl_netdnet_dnetdb_h_dnet_htoa=no

## ----------------- ##
## Output variables. ##
## ----------------- ##

CC='gcc'
CFLAGS='-DINET6 -g -O2'
CPP='gcc -E'
CPPFLAGS=' -I./missing'
DEFS='-DHAVE_CONFIG_H'
DEPENDENCY_CFLAG=''
ECHO_C=''
ECHO_N='-n'
ECHO_T=''
EGREP='/bin/grep -E'
EXEEXT=''
GREP='/bin/grep'
INSTALL_DATA='${INSTALL} -m 644'
INSTALL_PROGRAM='${INSTALL}'
INSTALL_SCRIPT='${INSTALL}'
LDFLAGS=''
LIBOBJS=' ${LIBOBJDIR}strlcat$U.o ${LIBOBJDIR}strlcpy$U.o'
LIBS='-L/usr/lib/i386-linux-gnu  -lpcap '
LOCALSRC='print-ip6.c print-ip6opts.c print-mobility.c print-ripng.c print-icmp6.c print-frag6.c print-rt6.c print-ospf6.c print-dhcp6.c print-babel.c print-smb.c smbutil.c '
LTLIBOBJS=' ${LIBOBJDIR}strlcat$U.lo ${LIBOBJDIR}strlcpy$U.lo'
MAN_FILE_FORMATS='5'
MAN_MISC_INFO='7'
MKDEP=''
OBJEXT='o'
PACKAGE_BUGREPORT=''
PACKAGE_NAME=''
PACKAGE_STRING=''
PACKAGE_TARNAME=''
PACKAGE_VERSION=''
PATH_SEPARATOR=':'
PCAP_CONFIG='/usr/bin/pcap-config'
RANLIB='ranlib'
SHELL='/bin/sh'
SHLICC2=''
V_CCOPT='-O2'
V_DEFS=' -D_U_="__attribute__((unused))"'
V_GROUP='0'
V_INCLS='-I/usr/include  -I./missing'
V_PCAPDEP=''
ac_ct_CC='gcc'
bindir='${exec_prefix}/bin'
build='i686-pc-linux-gnu'
build_alias=''
build_cpu='i686'
build_os='linux-gnu'
build_vendor='pc'
datadir='${datarootdir}'
datarootdir='${prefix}/share'
docdir='${datarootdir}/doc/${PACKAGE}'
dvidir='${docdir}'
exec_prefix='${prefix}'
host='i686-pc-linux-gnu'
host_alias=''
host_cpu='i686'
host_os='linux-gnu'
host_vendor='pc'
htmldir='${docdir}'
includedir='${prefix}/include'
infodir='${datarootdir}/info'
libdir='${exec_prefix}/lib'
libexecdir='${exec_prefix}/libexec'
localedir='${datarootdir}/locale'
localstatedir='${prefix}/var'
mandir='${datarootdir}/man'
oldincludedir='/usr/include'
pdfdir='${docdir}'
prefix='/usr/local'
program_transform_name='s,x,x,'
psdir='${docdir}'
sbindir='${exec_prefix}/sbin'
sharedstatedir='${prefix}/com'
sysconfdir='${prefix}/etc'
target_alias=''

## ----------- ##
## confdefs.h. ##
## ----------- ##

#define PACKAGE_NAME ""
#define PACKAGE_TARNAME ""
#define PACKAGE_VERSION ""
#define PACKAGE_STRING ""
#define PACKAGE_BUGREPORT ""
#define inline inline
#define HAVE___ATTRIBUTE__ 1
#define __ATTRIBUTE___NORETURN_OK_FOR_FUNCTION_POINTERS 1
#define __ATTRIBUTE___FORMAT_OK 1
#define __ATTRIBUTE___FORMAT_OK_FOR_FUNCTION_POINTERS 1
#define STDC_HEADERS 1
#define HAVE_SYS_TYPES_H 1
#define HAVE_SYS_STAT_H 1
#define HAVE_STDLIB_H 1
#define HAVE_STRING_H 1
#define HAVE_MEMORY_H 1
#define HAVE_STRINGS_H 1
#define HAVE_INTTYPES_H 1
#define HAVE_STDINT_H 1
#define HAVE_UNISTD_H 1
#define HAVE_FCNTL_H 1
#define HAVE_RPC_RPC_H 1
#define HAVE_NETINET_IF_ETHER_H 1
#define TIME_WITH_SYS_TIME 1
#define TCPDUMP_DO_SMB 1
#define INET6 1
#define HAVE_GETNAMEINFO 1
#define HAVE_ADDRINFO 1
#define HAVE_SOCKADDR_STORAGE 1
#define HAVE_VFPRINTF 1
#define HAVE_STRCASECMP 1
#define HAVE_STRDUP 1
#define HAVE_STRSEP 1
#define HAVE_FORK 1
#define HAVE_VFORK 1
#define HAVE_STRFTIME 1
#define HAVE_SETLINEBUF 1
#define HAVE_ALARM 1
#define HAVE_VSNPRINTF 1
#define HAVE_SNPRINTF 1
#define RETSIGTYPE void
#define RETSIGVAL
#define HAVE_SIGACTION 1
#define HAVE_GETRPCBYNUMBER 1
#define HAVE_PCAP_LIST_DATALINKS 1
#define HAVE_PCAP_SET_DATALINK 1
#define HAVE_PCAP_DATALINK_NAME_TO_VAL 1
#define HAVE_PCAP_DATALINK_VAL_TO_DESCRIPTION 1
#define HAVE_PCAP_BREAKLOOP 1
#define HAVE_PCAP_DUMP_FTELL 1
#define HAVE_ETHER_NTOHOST 1
#define USE_ETHER_NTOHOST 1
#define HAVE_NETINET_ETHER_H 1
#define NETINET_ETHER_H_DECLARES_ETHER_NTOHOST
#define HAVE_DECL_ETHER_NTOHOST 1
#define HAVE_PCAP_CREATE 1
#define HAVE_PCAP_SET_TSTAMP_TYPE 1
#define HAVE_PCAP_FINDALLDEVS 1
#define HAVE_PCAP_DUMP_FLUSH 1
#define HAVE_PCAP_LIB_VERSION 1
#define HAVE_PCAP_IF_T 1
#define HAVE_BPF_DUMP 1
#define HAVE_SYS_BITYPES_H 1
#define HAVE_INTTYPES_H 1
#define HAVE_H_ERRNO 1

configure: exit 0
